Log file open, 05/05/19 14:14:49
LogWindows: Failed to load 'aqProf.dll' (GetLastError=126)
LogWindows: File 'aqProf.dll' does not exist
LogWindows: Failed to load 'VtuneApi.dll' (GetLastError=126)
LogWindows: File 'VtuneApi.dll' does not exist
LogWindows: Failed to load 'VtuneApi32e.dll' (GetLastError=126)
LogWindows: File 'VtuneApi32e.dll' does not exist
LogConsoleResponse: Display: Failed to find resolution value strings in scalability ini. Falling back to default.
LogInit: Display: Running engine for game: LeapMotionEduUI
LogPakFile: Registered encryption key '00000000000000000000000000000000': 0 pak files mounted, 0 remain pending
LogPlatformFile: Not using cached read wrapper
LogTaskGraph: Started task graph with 5 named threads and 23 total threads with 3 sets of task threads.
LogStats: Stats thread started at 0.283840
LogD3D11RHI: Loaded GFSDK_Aftermath_Lib.x64.dll
LogICUInternationalization: ICU TimeZone Detection - Raw Offset: -7:00, Platform Override: ''
LogPluginManager: Mounting plugin Paper2D
LogPluginManager: Mounting plugin AISupport
LogPluginManager: Mounting plugin LightPropagationVolume
LogPluginManager: Mounting plugin ActorLayerUtilities
LogPluginManager: Mounting plugin CLionSourceCodeAccess
LogPluginManager: Mounting plugin CodeLiteSourceCodeAccess
LogPluginManager: Mounting plugin GitSourceControl
LogPluginManager: Mounting plugin KDevelopSourceCodeAccess
LogPluginManager: Mounting plugin NullSourceCodeAccess
LogPluginManager: Mounting plugin PerforceSourceControl
LogPluginManager: Mounting plugin SubversionSourceControl
LogPluginManager: Mounting plugin UObjectPlugin
LogPluginManager: Mounting plugin VisualStudioCodeSourceCodeAccess
LogPluginManager: Mounting plugin VisualStudioSourceCodeAccess
LogPluginManager: Mounting plugin XCodeSourceCodeAccess
LogPluginManager: Mounting plugin AssetManagerEditor
LogPluginManager: Mounting plugin CryptoKeys
LogPluginManager: Mounting plugin DataValidation
LogPluginManager: Mounting plugin FacialAnimation
LogPluginManager: Mounting plugin GameplayTagsEditor
LogPluginManager: Mounting plugin MacGraphicsSwitching
LogPluginManager: Mounting plugin MeshEditor
LogPluginManager: Mounting plugin MobileLauncherProfileWizard
LogPluginManager: Mounting plugin PluginBrowser
LogPluginManager: Mounting plugin SpeedTreeImporter
LogPluginManager: Mounting plugin DatasmithContent
LogPluginManager: Mounting plugin VariantManagerContent
LogPluginManager: Mounting plugin AlembicImporter
LogPluginManager: Mounting plugin AppleImageUtils
LogPluginManager: Mounting plugin AppleVision
LogPluginManager: Mounting plugin BackChannel
LogPluginManager: Mounting plugin CharacterAI
LogPluginManager: Mounting plugin GeometryCache
LogPluginManager: Mounting plugin HTML5Networking
LogPluginManager: Mounting plugin ProxyLODPlugin
LogPluginManager: Mounting plugin MagicLeap
LogPluginManager: Mounting plugin MagicLeapMedia
LogPluginManager: Mounting plugin AndroidMedia
LogPluginManager: Mounting plugin AvfMedia
LogPluginManager: Mounting plugin ImgMedia
LogPluginManager: Mounting plugin LinearTimecode
LogPluginManager: Mounting plugin MediaCompositing
LogPluginManager: Mounting plugin MediaPlayerEditor
LogPluginManager: Mounting plugin WebMMedia
LogPluginManager: Mounting plugin WmfMedia
LogPluginManager: Mounting plugin TcpMessaging
LogPluginManager: Mounting plugin UdpMessaging
LogPluginManager: Mounting plugin ActorSequence
LogPluginManager: Mounting plugin LevelSequenceEditor
LogPluginManager: Mounting plugin MatineeToLevelSequence
LogPluginManager: Mounting plugin NetcodeUnitTest
LogPluginManager: Mounting plugin NUTUnrealEngine4
LogPluginManager: Mounting plugin OnlineSubsystemGooglePlay
LogPluginManager: Mounting plugin OnlineSubsystemIOS
LogPluginManager: Mounting plugin OnlineSubsystem
LogPluginManager: Mounting plugin OnlineSubsystemNull
LogPluginManager: Mounting plugin OnlineSubsystemUtils
LogPluginManager: Mounting plugin LauncherChunkInstaller
LogPluginManager: Mounting plugin AndroidDeviceProfileSelector
LogPluginManager: Mounting plugin AndroidMoviePlayer
LogPluginManager: Mounting plugin AndroidPermission
LogPluginManager: Mounting plugin AppleMoviePlayer
LogPluginManager: Mounting plugin ArchVisCharacter
LogPluginManager: Mounting plugin AudioCapture
LogPluginManager: Mounting plugin CableComponent
LogPluginManager: Mounting plugin CustomMeshComponent
LogPluginManager: Mounting plugin EditableMesh
LogPluginManager: Mounting plugin ExampleDeviceProfileSelector
LogPluginManager: Mounting plugin Firebase
LogPluginManager: Mounting plugin GoogleCloudMessaging
LogPluginManager: Mounting plugin IOSDeviceProfileSelector
LogPluginManager: Mounting plugin LeapMotion
LogPluginManager: Mounting plugin LinuxDeviceProfileSelector
LogPluginManager: Mounting plugin LocationServicesBPLibrary
LogPluginManager: Mounting plugin MobilePatchingUtils
LogPluginManager: Mounting plugin OculusVR
LogPluginManager: Mounting plugin PhysXVehicles
LogPluginManager: Mounting plugin ProceduralMeshComponent
LogPluginManager: Mounting plugin RuntimePhysXCooking
LogPluginManager: Mounting plugin SteamVR
LogPluginManager: Mounting plugin WebMMoviePlayer
LogPluginManager: Mounting plugin WindowsMoviePlayer
LogStreaming: Display: Took  0.078s to configure plugins.
LogInit: Using libcurl 7.55.1-DEV
LogInit:  - built for x86_64-pc-win32
LogInit:  - supports SSL with OpenSSL/1.0.2h
LogInit:  - supports HTTP deflate (compression) using libz 1.2.8
LogInit:  - other features:
LogInit:      CURL_VERSION_SSL
LogInit:      CURL_VERSION_LIBZ
LogInit:      CURL_VERSION_IPV6
LogInit:      CURL_VERSION_ASYNCHDNS
LogInit:      CURL_VERSION_LARGEFILE
LogInit:      CURL_VERSION_IDN
LogInit:  CurlRequestOptions (configurable via config and command line):
LogInit:  - bVerifyPeer = true  - Libcurl will verify peer certificate
LogInit:  - bUseHttpProxy = false  - Libcurl will NOT use HTTP proxy
LogInit:  - bDontReuseConnections = false  - Libcurl will reuse connections
LogInit:  - MaxHostConnections = 16  - Libcurl will limit the number of connections to a host
LogInit:  - LocalHostAddr = Default
LogInit:  - BufferSize = 65536
LogInit: WinSock: version 1.1 (2.2), MaxSocks=32767, MaxUdp=65467
LeapPluginLog: Using LeapPlugin version 2.0.0
LogInit: Build: ++UE4+Release-4.21-CL-4753647
LogInit: Engine Version: 4.21.2-4753647+++UE4+Release-4.21
LogInit: Compatible Engine Version: 4.21.0-4541578+++UE4+Release-4.21
LogInit: Net CL: 4541578
LogInit: OS: Windows 10 (), CPU: Intel(R) Core(TM) i7-7700 CPU @ 3.60GHz, GPU: AMD Radeon (TM) RX 480
LogInit: Compiled (64-bit): Jan 19 2019 02:07:31
LogInit: Compiled with Visual C++: 19.13.26129.00
LogInit: Build Configuration: Development
LogInit: Branch Name: ++UE4+Release-4.21
LogInit: Command Line: 
LogInit: Base Directory: C:/Program Files/Epic Games/UE_4.21/Engine/Binaries/Win64/
LogInit: Installed Engine Build: 1
LogDevObjectVersion: Number of dev versions registered: 22
LogDevObjectVersion:   Dev-Blueprints (B0D832E4-1F89-4F0D-ACCF-7EB736FD4AA2): 10
LogDevObjectVersion:   Dev-Build (E1C64328-A22C-4D53-A36C-8E866417BD8C): 0
LogDevObjectVersion:   Dev-Core (375EC13C-06E4-48FB-B500-84F0262A717E): 2
LogDevObjectVersion:   Dev-Editor (E4B068ED-F494-42E9-A231-DA0B2E46BB41): 26
LogDevObjectVersion:   Dev-Framework (CFFC743F-43B0-4480-9391-14DF171D2073): 34
LogDevObjectVersion:   Dev-Mobile (B02B49B5-BB20-44E9-A304-32B752E40360): 2
LogDevObjectVersion:   Dev-Networking (A4E4105C-59A1-49B5-A7C5-40C4547EDFEE): 0
LogDevObjectVersion:   Dev-Online (39C831C9-5AE6-47DC-9A44-9C173E1C8E7C): 0
LogDevObjectVersion:   Dev-Physics (78F01B33-EBEA-4F98-B9B4-84EACCB95AA2): 0
LogDevObjectVersion:   Dev-Platform (6631380F-2D4D-43E0-8009-CF276956A95A): 0
LogDevObjectVersion:   Dev-Rendering (12F88B9F-8875-4AFC-A67C-D90C383ABD29): 27
LogDevObjectVersion:   Dev-Sequencer (7B5AE74C-D270-4C10-A958-57980B212A5A): 9
LogDevObjectVersion:   Dev-VR (D7296918-1DD6-4BDD-9DE2-64A83CC13884): 2
LogDevObjectVersion:   Dev-LoadTimes (C2A15278-BFE7-4AFE-6C17-90FF531DF755): 1
LogDevObjectVersion:   Private-Geometry (6EACA3D4-40EC-4CC1-B786-8BED09428FC5): 3
LogDevObjectVersion:   Dev-AnimPhys (29E575DD-E0A3-4627-9D10-D276232CDCEA): 17
LogDevObjectVersion:   Dev-Anim (AF43A65D-7FD3-4947-9873-3E8ED9C1BB05): 2
LogDevObjectVersion:   Dev-ReflectionCapture (6B266CEC-1EC7-4B8F-A30B-E4D90942FC07): 1
LogDevObjectVersion:   Dev-Automation (0DF73D61-A23F-47EA-B727-89E90C41499A): 1
LogDevObjectVersion:   FortniteMain (601D1886-AC64-4F84-AA16-D3DE0DEAC7D6): 17
LogDevObjectVersion:   Dev-Enterprise (9DFFBCD6-494F-0158-E221-12823C92A888): 4
LogDevObjectVersion:   Dev-Niagara (F2AED0AC-9AFE-416F-8664-AA7FFA26D6FC): 1
LogStreaming: Display: Took  0.000s to delete old logs.
LogInit: Presizing for max 8388607 objects, including 0 objects not considered by GC, pre-allocating 0 bytes for permanent pool.
LogInit: Object subsystem initialized
LogConfig: Setting CVar [[con.DebugEarlyDefault:1]]
LogConfig: Setting CVar [[r.setres:1280x720]]
[2019.05.05-20.14.49:526][  0]LogConfig: Setting CVar [[r.VSync:0]]
[2019.05.05-20.14.49:526][  0]LogConfig: Setting CVar [[r.RHICmdBypass:0]]
[2019.05.05-20.14.49:526][  0]LogConfig: Applying CVar settings from Section [/Script/Engine.RendererSettings] File [C:/Users/jhgri/Downloads/LeapMotionEduUI/Saved/Config/Windows/Engine.ini]
[2019.05.05-20.14.49:526][  0]LogConfig: Setting CVar [[r.GPUCrashDebugging:0]]
[2019.05.05-20.14.49:526][  0]LogConfig: Applying CVar settings from Section [/Script/Engine.RendererOverrideSettings] File [C:/Users/jhgri/Downloads/LeapMotionEduUI/Saved/Config/Windows/Engine.ini]
[2019.05.05-20.14.49:526][  0]LogConfig: Applying CVar settings from Section [/Script/Engine.StreamingSettings] File [C:/Users/jhgri/Downloads/LeapMotionEduUI/Saved/Config/Windows/Engine.ini]
[2019.05.05-20.14.49:526][  0]LogConfig: Setting CVar [[s.MinBulkDataSizeForAsyncLoading:131072]]
[2019.05.05-20.14.49:526][  0]LogConfig: Setting CVar [[s.AsyncLoadingThreadEnabled:0]]
[2019.05.05-20.14.49:526][  0]LogConfig: Setting CVar [[s.EventDrivenLoaderEnabled:1]]
[2019.05.05-20.14.49:526][  0]LogConfig: Setting CVar [[s.WarnIfTimeLimitExceeded:0]]
[2019.05.05-20.14.49:526][  0]LogConfig: Setting CVar [[s.TimeLimitExceededMultiplier:1.5]]
[2019.05.05-20.14.49:526][  0]LogConfig: Setting CVar [[s.TimeLimitExceededMinTime:0.005]]
[2019.05.05-20.14.49:526][  0]LogConfig: Setting CVar [[s.UseBackgroundLevelStreaming:1]]
[2019.05.05-20.14.49:526][  0]LogConfig: Setting CVar [[s.PriorityAsyncLoadingExtraTime:15.0]]
[2019.05.05-20.14.49:526][  0]LogConfig: Setting CVar [[s.LevelStreamingActorsUpdateTimeLimit:5.0]]
[2019.05.05-20.14.49:526][  0]LogConfig: Setting CVar [[s.PriorityLevelStreamingActorsUpdateExtraTime:5.0]]
[2019.05.05-20.14.49:526][  0]LogConfig: Setting CVar [[s.LevelStreamingComponentsRegistrationGranularity:10]]
[2019.05.05-20.14.49:526][  0]LogConfig: Setting CVar [[s.UnregisterComponentsTimeLimit:1.0]]
[2019.05.05-20.14.49:526][  0]LogConfig: Setting CVar [[s.LevelStreamingComponentsUnregistrationGranularity:5]]
[2019.05.05-20.14.49:526][  0]LogConfig: Applying CVar settings from Section [/Script/Engine.GarbageCollectionSettings] File [C:/Users/jhgri/Downloads/LeapMotionEduUI/Saved/Config/Windows/Engine.ini]
[2019.05.05-20.14.49:527][  0]LogConfig: Setting CVar [[gc.MaxObjectsNotConsideredByGC:1]]
[2019.05.05-20.14.49:527][  0]LogConfig: Setting CVar [[gc.SizeOfPermanentObjectPool:0]]
[2019.05.05-20.14.49:527][  0]LogConfig: Setting CVar [[gc.FlushStreamingOnGC:0]]
[2019.05.05-20.14.49:527][  0]LogConfig: Setting CVar [[gc.NumRetriesBeforeForcingGC:10]]
[2019.05.05-20.14.49:527][  0]LogConfig: Setting CVar [[gc.AllowParallelGC:1]]
[2019.05.05-20.14.49:527][  0]LogConfig: Setting CVar [[gc.TimeBetweenPurgingPendingKillObjects:61.1]]
[2019.05.05-20.14.49:527][  0]LogConfig: Setting CVar [[gc.MaxObjectsInEditor:8388607]]
[2019.05.05-20.14.49:527][  0]LogConfig: Setting CVar [[gc.IncrementalBeginDestroyEnabled:1]]
[2019.05.05-20.14.49:527][  0]LogConfig: Setting CVar [[gc.CreateGCClusters:1]]
[2019.05.05-20.14.49:527][  0]LogConfig: Setting CVar [[gc.MergeGCClusters:0]]
[2019.05.05-20.14.49:527][  0]LogConfig: Setting CVar [[gc.MinGCClusterSize:5]]
[2019.05.05-20.14.49:527][  0]LogConfig: Setting CVar [[gc.ActorClusteringEnabled:0]]
[2019.05.05-20.14.49:527][  0]LogConfig: Setting CVar [[gc.BlueprintClusteringEnabled:0]]
[2019.05.05-20.14.49:527][  0]LogConfig: Setting CVar [[gc.UseDisregardForGCOnDedicatedServers:0]]
[2019.05.05-20.14.49:527][  0]LogConfig: Applying CVar settings from Section [/Script/Engine.NetworkSettings] File [C:/Users/jhgri/Downloads/LeapMotionEduUI/Saved/Config/Windows/Engine.ini]
[2019.05.05-20.14.49:527][  0]LogConfig: Applying CVar settings from Section [/Script/UnrealEd.CookerSettings] File [C:/Users/jhgri/Downloads/LeapMotionEduUI/Saved/Config/Windows/Engine.ini]
[2019.05.05-20.14.49:533][  0]LogConfig: Applying CVar settings from Section [ViewDistanceQuality@3] File [C:/Users/jhgri/Downloads/LeapMotionEduUI/Saved/Config/Windows/Scalability.ini]
[2019.05.05-20.14.49:533][  0]LogConfig: Setting CVar [[r.SkeletalMeshLODBias:0]]
[2019.05.05-20.14.49:533][  0]LogConfig: Setting CVar [[r.ViewDistanceScale:1.0]]
[2019.05.05-20.14.49:533][  0]LogConfig: Applying CVar settings from Section [AntiAliasingQuality@3] File [C:/Users/jhgri/Downloads/LeapMotionEduUI/Saved/Config/Windows/Scalability.ini]
[2019.05.05-20.14.49:533][  0]LogConfig: Setting CVar [[r.PostProcessAAQuality:4]]
[2019.05.05-20.14.49:533][  0]LogConfig: Applying CVar settings from Section [ShadowQuality@3] File [C:/Users/jhgri/Downloads/LeapMotionEduUI/Saved/Config/Windows/Scalability.ini]
[2019.05.05-20.14.49:533][  0]LogConfig: Setting CVar [[r.LightFunctionQuality:1]]
[2019.05.05-20.14.49:533][  0]LogConfig: Setting CVar [[r.ShadowQuality:5]]
[2019.05.05-20.14.49:533][  0]LogConfig: Setting CVar [[r.Shadow.CSM.MaxCascades:10]]
[2019.05.05-20.14.49:533][  0]LogConfig: Setting CVar [[r.Shadow.MaxResolution:2048]]
[2019.05.05-20.14.49:533][  0]LogConfig: Setting CVar [[r.Shadow.MaxCSMResolution:2048]]
[2019.05.05-20.14.49:533][  0]LogConfig: Setting CVar [[r.Shadow.RadiusThreshold:0.01]]
[2019.05.05-20.14.49:533][  0]LogConfig: Setting CVar [[r.Shadow.DistanceScale:1.0]]
[2019.05.05-20.14.49:533][  0]LogConfig: Setting CVar [[r.Shadow.CSM.TransitionScale:1.0]]
[2019.05.05-20.14.49:533][  0]LogConfig: Setting CVar [[r.Shadow.PreShadowResolutionFactor:1.0]]
[2019.05.05-20.14.49:533][  0]LogConfig: Setting CVar [[r.DistanceFieldShadowing:1]]
[2019.05.05-20.14.49:533][  0]LogConfig: Setting CVar [[r.DistanceFieldAO:1]]
[2019.05.05-20.14.49:533][  0]LogConfig: Setting CVar [[r.AOQuality:2]]
[2019.05.05-20.14.49:533][  0]LogConfig: Setting CVar [[r.VolumetricFog:1]]
[2019.05.05-20.14.49:533][  0]LogConfig: Setting CVar [[r.VolumetricFog.GridPixelSize:8]]
[2019.05.05-20.14.49:533][  0]LogConfig: Setting CVar [[r.VolumetricFog.GridSizeZ:128]]
[2019.05.05-20.14.49:533][  0]LogConfig: Setting CVar [[r.VolumetricFog.HistoryMissSupersampleCount:4]]
[2019.05.05-20.14.49:533][  0]LogConfig: Setting CVar [[r.LightMaxDrawDistanceScale:1]]
[2019.05.05-20.14.49:533][  0]LogConfig: Setting CVar [[r.CapsuleShadows:1]]
[2019.05.05-20.14.49:533][  0]LogConfig: Applying CVar settings from Section [PostProcessQuality@3] File [C:/Users/jhgri/Downloads/LeapMotionEduUI/Saved/Config/Windows/Scalability.ini]
[2019.05.05-20.14.49:533][  0]LogConfig: Setting CVar [[r.MotionBlurQuality:4]]
[2019.05.05-20.14.49:533][  0]LogConfig: Setting CVar [[r.AmbientOcclusionMipLevelFactor:0.4]]
[2019.05.05-20.14.49:533][  0]LogConfig: Setting CVar [[r.AmbientOcclusionMaxQuality:100]]
[2019.05.05-20.14.49:533][  0]LogConfig: Setting CVar [[r.AmbientOcclusionLevels:-1]]
[2019.05.05-20.14.49:533][  0]LogConfig: Setting CVar [[r.AmbientOcclusionRadiusScale:1.0]]
[2019.05.05-20.14.49:534][  0]LogConfig: Setting CVar [[r.DepthOfFieldQuality:2]]
[2019.05.05-20.14.49:534][  0]LogConfig: Setting CVar [[r.RenderTargetPoolMin:400]]
[2019.05.05-20.14.49:534][  0]LogConfig: Setting CVar [[r.LensFlareQuality:2]]
[2019.05.05-20.14.49:534][  0]LogConfig: Setting CVar [[r.SceneColorFringeQuality:1]]
[2019.05.05-20.14.49:534][  0]LogConfig: Setting CVar [[r.EyeAdaptationQuality:2]]
[2019.05.05-20.14.49:534][  0]LogConfig: Setting CVar [[r.BloomQuality:5]]
[2019.05.05-20.14.49:534][  0]LogConfig: Setting CVar [[r.FastBlurThreshold:100]]
[2019.05.05-20.14.49:534][  0]LogConfig: Setting CVar [[r.Upscale.Quality:3]]
[2019.05.05-20.14.49:534][  0]LogConfig: Setting CVar [[r.Tonemapper.GrainQuantization:1]]
[2019.05.05-20.14.49:534][  0]LogConfig: Setting CVar [[r.LightShaftQuality:1]]
[2019.05.05-20.14.49:534][  0]LogConfig: Setting CVar [[r.Filter.SizeScale:1]]
[2019.05.05-20.14.49:534][  0]LogConfig: Setting CVar [[r.Tonemapper.Quality:5]]
[2019.05.05-20.14.49:534][  0]LogConfig: Setting CVar [[r.DOF.Gather.AccumulatorQuality:1        ; higher gathering accumulator quality]]
[2019.05.05-20.14.49:534][  0]LogConfig: Setting CVar [[r.DOF.Gather.PostfilterMethod:1          ; Median3x3 postfilering method]]
[2019.05.05-20.14.49:534][  0]LogConfig: Setting CVar [[r.DOF.Gather.EnableBokehSettings:0       ; no bokeh simulation when gathering]]
[2019.05.05-20.14.49:534][  0]LogConfig: Setting CVar [[r.DOF.Gather.RingCount:4                 ; medium number of samples when gathering]]
[2019.05.05-20.14.49:534][  0]LogConfig: Setting CVar [[r.DOF.Scatter.ForegroundCompositing:1    ; additive foreground scattering]]
[2019.05.05-20.14.49:534][  0]LogConfig: Setting CVar [[r.DOF.Scatter.BackgroundCompositing:2    ; additive background scattering]]
[2019.05.05-20.14.49:534][  0]LogConfig: Setting CVar [[r.DOF.Scatter.EnableBokehSettings:1      ; bokeh simulation when scattering]]
[2019.05.05-20.14.49:534][  0]LogConfig: Setting CVar [[r.DOF.Scatter.MaxSpriteRatio:0.1         ; only a maximum of 10% of scattered bokeh]]
[2019.05.05-20.14.49:534][  0]LogConfig: Setting CVar [[r.DOF.Recombine.Quality:1                ; cheap slight out of focus]]
[2019.05.05-20.14.49:534][  0]LogConfig: Setting CVar [[r.DOF.Recombine.EnableBokehSettings:0    ; no bokeh simulation on slight out of focus]]
[2019.05.05-20.14.49:534][  0]LogConfig: Setting CVar [[r.DOF.TemporalAAQuality:1                ; more stable temporal accumulation]]
[2019.05.05-20.14.49:534][  0]LogConfig: Setting CVar [[r.DOF.Kernel.MaxForegroundRadius:0.025]]
[2019.05.05-20.14.49:534][  0]LogConfig: Setting CVar [[r.DOF.Kernel.MaxBackgroundRadius:0.025]]
[2019.05.05-20.14.49:534][  0]LogConfig: Applying CVar settings from Section [TextureQuality@3] File [C:/Users/jhgri/Downloads/LeapMotionEduUI/Saved/Config/Windows/Scalability.ini]
[2019.05.05-20.14.49:534][  0]LogConfig: Setting CVar [[r.Streaming.MipBias:0]]
[2019.05.05-20.14.49:534][  0]LogConfig: Setting CVar [[r.Streaming.AmortizeCPUToGPUCopy:0]]
[2019.05.05-20.14.49:534][  0]LogConfig: Setting CVar [[r.Streaming.MaxNumTexturesToStreamPerFrame:0]]
[2019.05.05-20.14.49:534][  0]LogConfig: Setting CVar [[r.Streaming.Boost:1]]
[2019.05.05-20.14.49:534][  0]LogConfig: Setting CVar [[r.MaxAnisotropy:8]]
[2019.05.05-20.14.49:534][  0]LogConfig: Setting CVar [[r.Streaming.LimitPoolSizeToVRAM:0]]
[2019.05.05-20.14.49:534][  0]LogConfig: Setting CVar [[r.Streaming.PoolSize:1000]]
[2019.05.05-20.14.49:534][  0]LogConfig: Setting CVar [[r.Streaming.MaxEffectiveScreenSize:0]]
[2019.05.05-20.14.49:534][  0]LogConfig: Applying CVar settings from Section [EffectsQuality@3] File [C:/Users/jhgri/Downloads/LeapMotionEduUI/Saved/Config/Windows/Scalability.ini]
[2019.05.05-20.14.49:534][  0]LogConfig: Setting CVar [[r.TranslucencyLightingVolumeDim:64]]
[2019.05.05-20.14.49:534][  0]LogConfig: Setting CVar [[r.RefractionQuality:2]]
[2019.05.05-20.14.49:534][  0]LogConfig: Setting CVar [[r.SSR.Quality:3]]
[2019.05.05-20.14.49:534][  0]LogConfig: Setting CVar [[r.SceneColorFormat:4]]
[2019.05.05-20.14.49:534][  0]LogConfig: Setting CVar [[r.DetailMode:2]]
[2019.05.05-20.14.49:534][  0]LogConfig: Setting CVar [[r.TranslucencyVolumeBlur:1]]
[2019.05.05-20.14.49:534][  0]LogConfig: Setting CVar [[r.MaterialQualityLevel:1 ; High quality]]
[2019.05.05-20.14.49:534][  0]LogConfig: Setting CVar [[r.SSS.Scale:1]]
[2019.05.05-20.14.49:534][  0]LogConfig: Setting CVar [[r.SSS.SampleSet:2]]
[2019.05.05-20.14.49:534][  0]LogConfig: Setting CVar [[r.SSS.Quality:1]]
[2019.05.05-20.14.49:534][  0]LogConfig: Setting CVar [[r.SSS.HalfRes:1]]
[2019.05.05-20.14.49:534][  0]LogConfig: Setting CVar [[r.EmitterSpawnRateScale:1.0]]
[2019.05.05-20.14.49:534][  0]LogConfig: Setting CVar [[r.ParticleLightQuality:2]]
[2019.05.05-20.14.49:534][  0]LogConfig: Applying CVar settings from Section [FoliageQuality@3] File [C:/Users/jhgri/Downloads/LeapMotionEduUI/Saved/Config/Windows/Scalability.ini]
[2019.05.05-20.14.49:534][  0]LogConfig: Setting CVar [[foliage.DensityScale:1.0]]
[2019.05.05-20.14.49:534][  0]LogConfig: Setting CVar [[grass.DensityScale:1.0]]
[2019.05.05-20.14.49:534][  0]LogInit: Selected Device Profile: [Windows]
[2019.05.05-20.14.49:534][  0]LogInit: Applying CVar settings loaded from the selected device profile: [Windows]
[2019.05.05-20.14.49:550][  0]LogHAL: Display: Platform has ~ 24 GB [25664692224 / 34359738368 / 24], which maps to Larger [LargestMinGB=32, LargerMinGB=12, DefaultMinGB=8, SmallerMinGB=6, SmallestMinGB=0)
[2019.05.05-20.14.49:550][  0]LogConfig: Setting CVar [[r.Vulkan.UseRealUBs:1]]
[2019.05.05-20.14.49:550][  0]LogInit: Going up to parent DeviceProfile []
[2019.05.05-20.14.49:550][  0]LogConfig: Applying CVar settings from Section [ViewDistanceQuality@3] File [C:/Users/jhgri/Downloads/LeapMotionEduUI/Saved/Config/Windows/Scalability.ini]
[2019.05.05-20.14.49:550][  0]LogConfig: Setting CVar [[r.SkeletalMeshLODBias:0]]
[2019.05.05-20.14.49:550][  0]LogConfig: Setting CVar [[r.ViewDistanceScale:1.0]]
[2019.05.05-20.14.49:550][  0]LogConfig: Applying CVar settings from Section [AntiAliasingQuality@3] File [C:/Users/jhgri/Downloads/LeapMotionEduUI/Saved/Config/Windows/Scalability.ini]
[2019.05.05-20.14.49:550][  0]LogConfig: Setting CVar [[r.PostProcessAAQuality:4]]
[2019.05.05-20.14.49:550][  0]LogConfig: Applying CVar settings from Section [ShadowQuality@3] File [C:/Users/jhgri/Downloads/LeapMotionEduUI/Saved/Config/Windows/Scalability.ini]
[2019.05.05-20.14.49:550][  0]LogConfig: Setting CVar [[r.LightFunctionQuality:1]]
[2019.05.05-20.14.49:550][  0]LogConfig: Setting CVar [[r.ShadowQuality:5]]
[2019.05.05-20.14.49:550][  0]LogConfig: Setting CVar [[r.Shadow.CSM.MaxCascades:10]]
[2019.05.05-20.14.49:550][  0]LogConfig: Setting CVar [[r.Shadow.MaxResolution:2048]]
[2019.05.05-20.14.49:550][  0]LogConfig: Setting CVar [[r.Shadow.MaxCSMResolution:2048]]
[2019.05.05-20.14.49:550][  0]LogConfig: Setting CVar [[r.Shadow.RadiusThreshold:0.01]]
[2019.05.05-20.14.49:550][  0]LogConfig: Setting CVar [[r.Shadow.DistanceScale:1.0]]
[2019.05.05-20.14.49:550][  0]LogConfig: Setting CVar [[r.Shadow.CSM.TransitionScale:1.0]]
[2019.05.05-20.14.49:550][  0]LogConfig: Setting CVar [[r.Shadow.PreShadowResolutionFactor:1.0]]
[2019.05.05-20.14.49:550][  0]LogConfig: Setting CVar [[r.DistanceFieldShadowing:1]]
[2019.05.05-20.14.49:550][  0]LogConfig: Setting CVar [[r.DistanceFieldAO:1]]
[2019.05.05-20.14.49:550][  0]LogConfig: Setting CVar [[r.AOQuality:2]]
[2019.05.05-20.14.49:550][  0]LogConfig: Setting CVar [[r.VolumetricFog:1]]
[2019.05.05-20.14.49:550][  0]LogConfig: Setting CVar [[r.VolumetricFog.GridPixelSize:8]]
[2019.05.05-20.14.49:551][  0]LogConfig: Setting CVar [[r.VolumetricFog.GridSizeZ:128]]
[2019.05.05-20.14.49:551][  0]LogConfig: Setting CVar [[r.VolumetricFog.HistoryMissSupersampleCount:4]]
[2019.05.05-20.14.49:551][  0]LogConfig: Setting CVar [[r.LightMaxDrawDistanceScale:1]]
[2019.05.05-20.14.49:551][  0]LogConfig: Setting CVar [[r.CapsuleShadows:1]]
[2019.05.05-20.14.49:551][  0]LogConfig: Applying CVar settings from Section [PostProcessQuality@3] File [C:/Users/jhgri/Downloads/LeapMotionEduUI/Saved/Config/Windows/Scalability.ini]
[2019.05.05-20.14.49:551][  0]LogConfig: Setting CVar [[r.MotionBlurQuality:4]]
[2019.05.05-20.14.49:551][  0]LogConfig: Setting CVar [[r.AmbientOcclusionMipLevelFactor:0.4]]
[2019.05.05-20.14.49:551][  0]LogConfig: Setting CVar [[r.AmbientOcclusionMaxQuality:100]]
[2019.05.05-20.14.49:551][  0]LogConfig: Setting CVar [[r.AmbientOcclusionLevels:-1]]
[2019.05.05-20.14.49:551][  0]LogConfig: Setting CVar [[r.AmbientOcclusionRadiusScale:1.0]]
[2019.05.05-20.14.49:551][  0]LogConfig: Setting CVar [[r.DepthOfFieldQuality:2]]
[2019.05.05-20.14.49:551][  0]LogConfig: Setting CVar [[r.RenderTargetPoolMin:400]]
[2019.05.05-20.14.49:551][  0]LogConfig: Setting CVar [[r.LensFlareQuality:2]]
[2019.05.05-20.14.49:551][  0]LogConfig: Setting CVar [[r.SceneColorFringeQuality:1]]
[2019.05.05-20.14.49:551][  0]LogConfig: Setting CVar [[r.EyeAdaptationQuality:2]]
[2019.05.05-20.14.49:551][  0]LogConfig: Setting CVar [[r.BloomQuality:5]]
[2019.05.05-20.14.49:551][  0]LogConfig: Setting CVar [[r.FastBlurThreshold:100]]
[2019.05.05-20.14.49:551][  0]LogConfig: Setting CVar [[r.Upscale.Quality:3]]
[2019.05.05-20.14.49:551][  0]LogConfig: Setting CVar [[r.Tonemapper.GrainQuantization:1]]
[2019.05.05-20.14.49:551][  0]LogConfig: Setting CVar [[r.LightShaftQuality:1]]
[2019.05.05-20.14.49:551][  0]LogConfig: Setting CVar [[r.Filter.SizeScale:1]]
[2019.05.05-20.14.49:551][  0]LogConfig: Setting CVar [[r.Tonemapper.Quality:5]]
[2019.05.05-20.14.49:551][  0]LogConfig: Setting CVar [[r.DOF.Gather.AccumulatorQuality:1        ; higher gathering accumulator quality]]
[2019.05.05-20.14.49:551][  0]LogConfig: Setting CVar [[r.DOF.Gather.PostfilterMethod:1          ; Median3x3 postfilering method]]
[2019.05.05-20.14.49:551][  0]LogConfig: Setting CVar [[r.DOF.Gather.EnableBokehSettings:0       ; no bokeh simulation when gathering]]
[2019.05.05-20.14.49:551][  0]LogConfig: Setting CVar [[r.DOF.Gather.RingCount:4                 ; medium number of samples when gathering]]
[2019.05.05-20.14.49:551][  0]LogConfig: Setting CVar [[r.DOF.Scatter.ForegroundCompositing:1    ; additive foreground scattering]]
[2019.05.05-20.14.49:551][  0]LogConfig: Setting CVar [[r.DOF.Scatter.BackgroundCompositing:2    ; additive background scattering]]
[2019.05.05-20.14.49:551][  0]LogConfig: Setting CVar [[r.DOF.Scatter.EnableBokehSettings:1      ; bokeh simulation when scattering]]
[2019.05.05-20.14.49:551][  0]LogConfig: Setting CVar [[r.DOF.Scatter.MaxSpriteRatio:0.1         ; only a maximum of 10% of scattered bokeh]]
[2019.05.05-20.14.49:551][  0]LogConfig: Setting CVar [[r.DOF.Recombine.Quality:1                ; cheap slight out of focus]]
[2019.05.05-20.14.49:551][  0]LogConfig: Setting CVar [[r.DOF.Recombine.EnableBokehSettings:0    ; no bokeh simulation on slight out of focus]]
[2019.05.05-20.14.49:551][  0]LogConfig: Setting CVar [[r.DOF.TemporalAAQuality:1                ; more stable temporal accumulation]]
[2019.05.05-20.14.49:551][  0]LogConfig: Setting CVar [[r.DOF.Kernel.MaxForegroundRadius:0.025]]
[2019.05.05-20.14.49:551][  0]LogConfig: Setting CVar [[r.DOF.Kernel.MaxBackgroundRadius:0.025]]
[2019.05.05-20.14.49:551][  0]LogConfig: Applying CVar settings from Section [TextureQuality@3] File [C:/Users/jhgri/Downloads/LeapMotionEduUI/Saved/Config/Windows/Scalability.ini]
[2019.05.05-20.14.49:551][  0]LogConfig: Setting CVar [[r.Streaming.MipBias:0]]
[2019.05.05-20.14.49:551][  0]LogConfig: Setting CVar [[r.Streaming.AmortizeCPUToGPUCopy:0]]
[2019.05.05-20.14.49:551][  0]LogConfig: Setting CVar [[r.Streaming.MaxNumTexturesToStreamPerFrame:0]]
[2019.05.05-20.14.49:551][  0]LogConfig: Setting CVar [[r.Streaming.Boost:1]]
[2019.05.05-20.14.49:551][  0]LogConfig: Setting CVar [[r.MaxAnisotropy:8]]
[2019.05.05-20.14.49:551][  0]LogConfig: Setting CVar [[r.Streaming.LimitPoolSizeToVRAM:0]]
[2019.05.05-20.14.49:551][  0]LogConfig: Setting CVar [[r.Streaming.PoolSize:1000]]
[2019.05.05-20.14.49:551][  0]LogConfig: Setting CVar [[r.Streaming.MaxEffectiveScreenSize:0]]
[2019.05.05-20.14.49:551][  0]LogConfig: Applying CVar settings from Section [EffectsQuality@3] File [C:/Users/jhgri/Downloads/LeapMotionEduUI/Saved/Config/Windows/Scalability.ini]
[2019.05.05-20.14.49:551][  0]LogConfig: Setting CVar [[r.TranslucencyLightingVolumeDim:64]]
[2019.05.05-20.14.49:551][  0]LogConfig: Setting CVar [[r.RefractionQuality:2]]
[2019.05.05-20.14.49:551][  0]LogConfig: Setting CVar [[r.SSR.Quality:3]]
[2019.05.05-20.14.49:551][  0]LogConfig: Setting CVar [[r.SceneColorFormat:4]]
[2019.05.05-20.14.49:551][  0]LogConfig: Setting CVar [[r.DetailMode:2]]
[2019.05.05-20.14.49:551][  0]LogConfig: Setting CVar [[r.TranslucencyVolumeBlur:1]]
[2019.05.05-20.14.49:551][  0]LogConfig: Setting CVar [[r.MaterialQualityLevel:1 ; High quality]]
[2019.05.05-20.14.49:551][  0]LogConfig: Setting CVar [[r.SSS.Scale:1]]
[2019.05.05-20.14.49:551][  0]LogConfig: Setting CVar [[r.SSS.SampleSet:2]]
[2019.05.05-20.14.49:551][  0]LogConfig: Setting CVar [[r.SSS.Quality:1]]
[2019.05.05-20.14.49:551][  0]LogConfig: Setting CVar [[r.SSS.HalfRes:1]]
[2019.05.05-20.14.49:551][  0]LogConfig: Setting CVar [[r.EmitterSpawnRateScale:1.0]]
[2019.05.05-20.14.49:551][  0]LogConfig: Setting CVar [[r.ParticleLightQuality:2]]
[2019.05.05-20.14.49:551][  0]LogConfig: Applying CVar settings from Section [FoliageQuality@3] File [C:/Users/jhgri/Downloads/LeapMotionEduUI/Saved/Config/Windows/Scalability.ini]
[2019.05.05-20.14.49:551][  0]LogConfig: Setting CVar [[foliage.DensityScale:1.0]]
[2019.05.05-20.14.49:551][  0]LogConfig: Setting CVar [[grass.DensityScale:1.0]]
[2019.05.05-20.14.49:551][  0]LogConfig: Applying CVar settings from Section [Startup] File [../../../Engine/Config/ConsoleVariables.ini]
[2019.05.05-20.14.49:554][  0]LogConfig: Setting CVar [[net.UseAdaptiveNetUpdateFrequency:0]]
[2019.05.05-20.14.49:554][  0]LogConfig: Applying CVar settings from Section [ConsoleVariables] File [C:/Users/jhgri/Downloads/LeapMotionEduUI/Saved/Config/Windows/Engine.ini]
[2019.05.05-20.14.49:554][  0]LogInit: Computer: WHEATLEY
[2019.05.05-20.14.49:554][  0]LogInit: User: jhgri
[2019.05.05-20.14.49:554][  0]LogInit: CPU Page size=4096, Cores=4
[2019.05.05-20.14.49:554][  0]LogInit: High frequency timer resolution =3.515629 MHz
[2019.05.05-20.14.49:555][  0]LogMemory: Memory total: Physical=23.9GB (24GB approx)
[2019.05.05-20.14.49:555][  0]LogMemory: Platform Memory Stats for Windows
[2019.05.05-20.14.49:555][  0]LogMemory: Process Physical Memory: 104.91 MB used, 104.91 MB peak
[2019.05.05-20.14.49:555][  0]LogMemory: Process Virtual Memory: 92.54 MB used, 92.54 MB peak
[2019.05.05-20.14.49:555][  0]LogMemory: Physical Memory: 5370.99 MB used,  19104.77 MB free, 24475.76 MB total
[2019.05.05-20.14.49:555][  0]LogMemory: Virtual Memory: 4700.89 MB used,  134213024.00 MB free, 134217728.00 MB total
[2019.05.05-20.14.49:573][  0]LogInit: Using OS detected language (en-US).
[2019.05.05-20.14.49:573][  0]LogInit: Using OS detected locale (en-US).
[2019.05.05-20.14.49:574][  0]LogTextLocalizationManager: No specific localization for 'en-US' exists, so the 'en' localization will be used.
[2019.05.05-20.14.49:975][  0]LogStreaming: Display: Took  0.402s to InitEngineTextLocalization.
[2019.05.05-20.14.49:975][  0]LogInit: Setting process to per monitor DPI aware
[2019.05.05-20.14.50:037][  0]LogSlate: New Slate User Created.  User Index 0, Is Virtual User: 0
[2019.05.05-20.14.50:037][  0]LogSlate: Slate User Registered.  User Index 0, Is Virtual User: 0
[2019.05.05-20.14.51:431][  0]LogHMD: Failed to initialize OpenVR with code 110
[2019.05.05-20.14.51:431][  0]LogD3D11RHI: D3D11 adapters:
[2019.05.05-20.14.51:458][  0]LogD3D11RHI:    0. 'AMD Radeon (TM) RX 480' (Feature Level 11_0)
[2019.05.05-20.14.51:458][  0]LogD3D11RHI:       8137/0/12237 MB DedicatedVideo/DedicatedSystem/SharedSystem, Outputs:1, VendorId:0x1002
[2019.05.05-20.14.51:465][  0]LogD3D11RHI:    1. 'Intel(R) HD Graphics 630' (Feature Level 11_0)
[2019.05.05-20.14.51:465][  0]LogD3D11RHI:       128/0/12237 MB DedicatedVideo/DedicatedSystem/SharedSystem, Outputs:0, VendorId:0x8086
[2019.05.05-20.14.51:467][  0]LogD3D11RHI:    2. 'Microsoft Basic Render Driver' (Feature Level 11_0)
[2019.05.05-20.14.51:467][  0]LogD3D11RHI:       0/0/12237 MB DedicatedVideo/DedicatedSystem/SharedSystem, Outputs:0, VendorId:0x1414
[2019.05.05-20.14.51:467][  0]LogD3D11RHI: Chosen D3D11 Adapter: 0
[2019.05.05-20.14.51:474][  0]LogD3D11RHI: Creating new Direct3DDevice
[2019.05.05-20.14.51:474][  0]LogD3D11RHI:     GPU DeviceId: 0x67df (for the marketing name, search the web for "GPU Device Id")
[2019.05.05-20.14.51:474][  0]LogWindows: EnumDisplayDevices:
[2019.05.05-20.14.51:474][  0]LogWindows:    0. 'AMD Radeon (TM) RX 480' (P:1 D:1)
[2019.05.05-20.14.51:474][  0]LogWindows:    1. 'AMD Radeon (TM) RX 480' (P:0 D:0)
[2019.05.05-20.14.51:475][  0]LogWindows:    2. 'AMD Radeon (TM) RX 480' (P:0 D:0)
[2019.05.05-20.14.51:475][  0]LogWindows:    3. 'AMD Radeon (TM) RX 480' (P:0 D:0)
[2019.05.05-20.14.51:475][  0]LogWindows:    4. 'AMD Radeon (TM) RX 480' (P:0 D:0)
[2019.05.05-20.14.51:475][  0]LogWindows:    5. 'AMD Radeon (TM) RX 480' (P:0 D:0)
[2019.05.05-20.14.51:476][  0]LogWindows:    6. 'AMD Radeon (TM) RX 480' (P:0 D:0)
[2019.05.05-20.14.51:476][  0]LogWindows:    7. 'AMD Radeon (TM) RX 480' (P:0 D:0)
[2019.05.05-20.14.51:476][  0]LogWindows:    8. 'AMD Radeon (TM) RX 480' (P:0 D:0)
[2019.05.05-20.14.51:477][  0]LogWindows:    9. 'AMD Radeon (TM) RX 480' (P:0 D:0)
[2019.05.05-20.14.51:477][  0]LogWindows:    10. 'AMD Radeon (TM) RX 480' (P:0 D:0)
[2019.05.05-20.14.51:477][  0]LogWindows:    11. 'AMD Radeon (TM) RX 480' (P:0 D:0)
[2019.05.05-20.14.51:477][  0]LogWindows:    12. 'AMD Radeon (TM) RX 480' (P:0 D:0)
[2019.05.05-20.14.51:478][  0]LogWindows:    13. 'AMD Radeon (TM) RX 480' (P:0 D:0)
[2019.05.05-20.14.51:478][  0]LogWindows:    14. 'AMD Radeon (TM) RX 480' (P:0 D:0)
[2019.05.05-20.14.51:478][  0]LogWindows:    15. 'AMD Radeon (TM) RX 480' (P:0 D:0)
[2019.05.05-20.14.51:478][  0]LogWindows:    16. 'Intel(R) HD Graphics 630' (P:0 D:0)
[2019.05.05-20.14.51:479][  0]LogWindows:    17. 'Intel(R) HD Graphics 630' (P:0 D:0)
[2019.05.05-20.14.51:479][  0]LogWindows:    18. 'Intel(R) HD Graphics 630' (P:0 D:0)
[2019.05.05-20.14.51:479][  0]LogWindows: DebugString: PrimaryIsNotTheChoosenAdapter PrimaryIsNotTheChoosenAdapter PrimaryIsNotTheChoosenAdapter FoundDriverCount:16 
[2019.05.05-20.14.51:479][  0]LogD3D11RHI:     Adapter Name: AMD Radeon (TM) RX 480
[2019.05.05-20.14.51:479][  0]LogD3D11RHI:   Driver Version: Crimson ReLive 17.11.4 (internal:23.20.793.1024, unified:23.20.793.1024)
[2019.05.05-20.14.51:479][  0]LogD3D11RHI:      Driver Date: 11-27-2017
[2019.05.05-20.14.51:479][  0]LogRHI: Texture pool is 5696 MB (70% of 8137 MB)
[2019.05.05-20.14.51:576][  0]LogD3D11RHI: Async texture creation enabled
[2019.05.05-20.14.51:586][  0]LogD3D11RHI: GPU Timing Frequency: 25.000000 (Debug: 2 1)
[2019.05.05-20.14.51:865][  0]LogTemp: Display: Loaded TP AllDesktopTargetPlatform
[2019.05.05-20.14.51:876][  0]LogTemp: Display: Loaded TP MacClientTargetPlatform
[2019.05.05-20.14.51:886][  0]LogTemp: Display: Loaded TP MacNoEditorTargetPlatform
[2019.05.05-20.14.51:898][  0]LogTemp: Display: Loaded TP MacServerTargetPlatform
[2019.05.05-20.14.51:912][  0]LogTemp: Display: Loaded TP MacTargetPlatform
[2019.05.05-20.14.51:922][  0]LogTemp: Display: Loaded TP WindowsClientTargetPlatform
[2019.05.05-20.14.51:933][  0]LogTemp: Display: Loaded TP WindowsNoEditorTargetPlatform
[2019.05.05-20.14.51:944][  0]LogTemp: Display: Loaded TP WindowsServerTargetPlatform
[2019.05.05-20.14.51:949][  0]LogTemp: Display: Loaded TP WindowsTargetPlatform
[2019.05.05-20.14.52:013][  0]LogTemp: Display: Loaded TP AndroidTargetPlatform
[2019.05.05-20.14.52:013][  0]LogTemp: Display: Loaded TP AndroidTargetPlatform
[2019.05.05-20.14.52:013][  0]LogTemp: Display: Loaded TP AndroidTargetPlatform
[2019.05.05-20.14.52:013][  0]LogTemp: Display: Loaded TP AndroidTargetPlatform
[2019.05.05-20.14.52:013][  0]LogTemp: Display: Loaded TP AndroidTargetPlatform
[2019.05.05-20.14.52:013][  0]LogTemp: Display: Loaded TP AndroidTargetPlatform
[2019.05.05-20.14.52:013][  0]LogTemp: Display: Loaded TP AndroidTargetPlatform
[2019.05.05-20.14.52:013][  0]LogTemp: Display: Loaded TP AndroidTargetPlatform
[2019.05.05-20.14.52:013][  0]LogTemp: Display: Loaded TP AndroidTargetPlatform
[2019.05.05-20.14.52:013][  0]LogTemp: Display: Loaded TP AndroidTargetPlatform
[2019.05.05-20.14.52:013][  0]LogTemp: Display: Loaded TP AndroidTargetPlatform
[2019.05.05-20.14.52:013][  0]LogTemp: Display: Loaded TP AndroidTargetPlatform
[2019.05.05-20.14.52:013][  0]LogTemp: Display: Loaded TP AndroidTargetPlatform
[2019.05.05-20.14.52:013][  0]LogTemp: Display: Loaded TP AndroidTargetPlatform
[2019.05.05-20.14.52:013][  0]LogTemp: Display: Loaded TP AndroidTargetPlatform
[2019.05.05-20.14.52:013][  0]LogTemp: Display: Loaded TP AndroidTargetPlatform
[2019.05.05-20.14.52:013][  0]LogTemp: Display: Loaded TP AndroidTargetPlatform
[2019.05.05-20.14.52:013][  0]LogTemp: Display: Loaded TP AndroidTargetPlatform
[2019.05.05-20.14.52:014][  0]LogTemp: Display: Loaded TP HTML5TargetPlatform
[2019.05.05-20.14.52:085][  0]LogTemp: Display: Loaded TP IOSTargetPlatform
[2019.05.05-20.14.52:085][  0]LogTemp: Display: Loaded TP IOSTargetPlatform
[2019.05.05-20.14.52:115][  0]LogTemp: Display: Loaded TP TVOSTargetPlatform
[2019.05.05-20.14.52:115][  0]LogTemp: Display: Loaded TP TVOSTargetPlatform
[2019.05.05-20.14.52:125][  0]LogTemp: Display: Loaded TP LinuxClientTargetPlatform
[2019.05.05-20.14.52:135][  0]LogTemp: Display: Loaded TP LinuxNoEditorTargetPlatform
[2019.05.05-20.14.52:145][  0]LogTemp: Display: Loaded TP LinuxServerTargetPlatform
[2019.05.05-20.14.52:160][  0]LogTemp: Display: Loaded TP LinuxTargetPlatform
[2019.05.05-20.14.52:199][  0]LogTemp: Display: Loaded TP LuminTargetPlatform
[2019.05.05-20.14.52:199][  0]LogTemp: Display: Loaded TP LuminTargetPlatform
[2019.05.05-20.14.52:199][  0]LogTargetPlatformManager: Display: Building Assets For Windows
[2019.05.05-20.14.52:250][  0]LogShaderCompilers: Guid format shader working directory is -9 characters bigger than the processId version (../../../../../../Users/jhgri/Downloads/LeapMotionEduUI/Intermediate/Shaders/WorkingDirectory/1220/).
[2019.05.05-20.14.52:250][  0]LogShaderCompilers: Cleaned the shader compiler working directory 'C:/Users/jhgri/AppData/Local/Temp/UnrealShaderWorkingDir/8CC793554AA1E91946B4BAAAF6D1B4D4/'.
[2019.05.05-20.14.52:252][  0]LogXGEController: Cleaning working directory: C:/Users/jhgri/AppData/Local/Temp/UnrealXGEWorkingDir/
[2019.05.05-20.14.52:252][  0]LogXGEController: Cannot use XGE Controller as Incredibuild is not installed on this machine.
[2019.05.05-20.14.52:252][  0]LogShaderCompilers: Cannot use XGE Shader Compiler as Incredibuild is not installed on this machine.
[2019.05.05-20.14.52:252][  0]LogShaderCompilers: Display: Using Local Shader Compiler.
[2019.05.05-20.14.53:367][  0]LogDerivedDataCache: Display: Max Cache Size: 512 MB
[2019.05.05-20.14.53:419][  0]LogDerivedDataCache: Loaded boot cache 0.05s 71MB C:/Users/jhgri/AppData/Local/UnrealEngine/4.21/DerivedDataCache/Boot.ddc.
[2019.05.05-20.14.53:419][  0]LogDerivedDataCache: Display: Loaded Boot cache: C:/Users/jhgri/AppData/Local/UnrealEngine/4.21/DerivedDataCache/Boot.ddc
[2019.05.05-20.14.53:419][  0]LogDerivedDataCache: FDerivedDataBackendGraph:  Pak pak cache file ../../../../../../Users/jhgri/Downloads/LeapMotionEduUI/DerivedDataCache/DDC.ddp not found, will not use a pak cache.
[2019.05.05-20.14.53:419][  0]LogDerivedDataCache: Unable to find inner node Pak for hierarchical cache Hierarchy.
[2019.05.05-20.14.53:419][  0]LogDerivedDataCache: FDerivedDataBackendGraph:  CompressedPak pak cache file ../../../../../../Users/jhgri/Downloads/LeapMotionEduUI/DerivedDataCache/Compressed.ddp not found, will not use a pak cache.
[2019.05.05-20.14.53:419][  0]LogDerivedDataCache: Unable to find inner node CompressedPak for hierarchical cache Hierarchy.
[2019.05.05-20.14.53:434][  0]LogDerivedDataCache: Display: Pak cache opened for reading ../../../Engine/DerivedDataCache/Compressed.ddp.
[2019.05.05-20.14.53:435][  0]LogDerivedDataCache: FDerivedDataBackendGraph:  EnterprisePak pak cache file ../../../Enterprise/DerivedDataCache/Compressed.ddp not found, will not use a pak cache.
[2019.05.05-20.14.53:435][  0]LogDerivedDataCache: Unable to find inner node EnterprisePak for hierarchical cache Hierarchy.
[2019.05.05-20.14.53:446][  0]LogDerivedDataCache: Using Local data cache path C:/Users/jhgri/AppData/Local/UnrealEngine/Common/DerivedDataCache: Writable
[2019.05.05-20.14.53:446][  0]LogDerivedDataCache: Shared data cache path not found in *engine.ini, will not use an Shared cache.
[2019.05.05-20.14.53:446][  0]LogDerivedDataCache: Unable to find inner node Shared for hierarchical cache Hierarchy.
[2019.05.05-20.14.53:464][  0]LogMaterial: Verifying Global Shaders for PCD3D_SM5
[2019.05.05-20.14.53:465][  0]LogSlate: Using FreeType 2.6.0
[2019.05.05-20.14.53:474][  0]LogSlate: SlateFontServices - WITH_FREETYPE: 1, WITH_HARFBUZZ: 1
[2019.05.05-20.14.53:668][  0]LogAssetRegistry: FAssetRegistry took 0.0313 seconds to start up
[2019.05.05-20.14.53:925][  0]LogInit: Selected Device Profile: [Windows]
[2019.05.05-20.14.54:093][  0]LogSimplygon: Simplygon DLL not present - disabling.
[2019.05.05-20.14.54:096][  0]LogMeshReduction: Using SimplygonSwarm for distributed automatic mesh merging
[2019.05.05-20.14.54:096][  0]LogMeshReduction: Using ProxyLODMeshReduction for automatic mesh merging
[2019.05.05-20.14.54:096][  0]LogMeshReduction: Using QuadricMeshReduction for automatic static mesh reduction
[2019.05.05-20.14.54:096][  0]LogMeshReduction: No automatic skeletal mesh reduction module available
[2019.05.05-20.14.54:122][  0]LogNetVersion: LeapMotionEduUI 1.0.0, NetCL: 4541578, EngineNetVer: 5, GameNetVer: 0 (Checksum: 3536834122)
[2019.05.05-20.14.54:923][  0]LogPackageLocalizationCache: Processed 12 localized package path(s) for 2 prioritized culture(s) in 0.094249 seconds
[2019.05.05-20.14.54:930][  0]LogUObjectArray: 40460 objects as part of root set at end of initial load.
[2019.05.05-20.14.54:930][  0]LogUObjectAllocator: 7031784 out of 0 bytes used by permanent object pool.
[2019.05.05-20.14.54:930][  0]LogUObjectArray: CloseDisregardForGC: 0/0 objects in disregard for GC pool
[2019.05.05-20.14.56:946][  0]LogTcpMessaging: Initializing TcpMessaging bridge
[2019.05.05-20.14.56:959][  0]LogUdpMessaging: Initializing bridge on interface 0.0.0.0:0 to multicast group 230.0.0.1:6666.
[2019.05.05-20.14.57:592][  0]SourceControl: Source control is disabled
[2019.05.05-20.14.57:592][  0]SourceControl: Source control is disabled
[2019.05.05-20.14.57:592][  0]SourceControl: Source control is disabled
[2019.05.05-20.14.57:594][  0]SourceControl: Source control is disabled
[2019.05.05-20.14.57:763][  0]LogAndroidPermission: UAndroidPermissionCallbackProxy::GetInstance
[2019.05.05-20.14.57:856][  0]LogOcInput: OculusInput pre-init called
[2019.05.05-20.14.58:023][  0]LogEngine: Initializing Engine...
[2019.05.05-20.14.58:023][  0]LogHMD: Failed to initialize OpenVR with code 110
[2019.05.05-20.14.58:024][  0]LogStats: UGameplayTagsManager::ConstructGameplayTagTree: ImportINI prefixes -  0.000 s
[2019.05.05-20.14.58:024][  0]LogStats: UGameplayTagsManager::ConstructGameplayTagTree: Construct from data asset -  0.000 s
[2019.05.05-20.14.58:025][  0]LogStats: UGameplayTagsManager::ConstructGameplayTagTree: ImportINI -  0.000 s
[2019.05.05-20.14.58:025][  0]LogStats: UGameplayTagsManager::ConstructGameplayTagTree: GameplayTagTreeChangedEvent.Broadcast -  0.000 s
[2019.05.05-20.14.58:326][  0]LogInit: Initializing FReadOnlyCVARCache
[2019.05.05-20.14.58:337][  0]LogAIModule: Creating AISystem for world Untitled
[2019.05.05-20.14.58:359][  0]LogInit: XAudio2 using 'Speakers / Headphones (Realtek Audio)' : 2 channels at 48 kHz using 32 bits per sample (channel mask 0x3)
[2019.05.05-20.14.58:674][  0]LogInit: FAudioDevice initialized.
[2019.05.05-20.14.58:674][  0]LogNetVersion: Set ProjectVersion to 1.0.0.0. Version Checksum will be recalculated on next use.
[2019.05.05-20.14.58:742][  0]LogDerivedDataCache: Saved boot cache 0.07s 71MB C:/Users/jhgri/AppData/Local/UnrealEngine/4.21/DerivedDataCache/Boot.ddc.
[2019.05.05-20.14.58:753][  0]LogInit: Texture streaming: Enabled
[2019.05.05-20.14.58:768][  0]LogEngineSessionManager: EngineSessionManager initialized
[2019.05.05-20.14.58:782][  0]LogInit: Transaction tracking system initialized
[2019.05.05-20.14.58:803][  0]BlueprintLog: New page: Editor Load
[2019.05.05-20.14.58:875][  0]LocalizationService: Localization service is disabled
[2019.05.05-20.14.59:423][  0]LogFileCache: Scanning file cache for directory 'C:/Users/jhgri/Downloads/LeapMotionEduUI/Content/' took 0.02s
[2019.05.05-20.14.59:423][  0]LogCook: Display: Max memory allowance for cook 16384mb min free memory 0mb
[2019.05.05-20.14.59:424][  0]LogCook: Display: Mobile HDR setting 1
[2019.05.05-20.14.59:424][  0]LogGameplayTags: Display: UGameplayTagsManager::DoneAddingNativeTags. DelegateIsBound: 0
[2019.05.05-20.14.59:424][  0]LogStats: UGameplayTagsManager::ConstructGameplayTagTree: ImportINI prefixes -  0.000 s
[2019.05.05-20.14.59:424][  0]LogStats: UGameplayTagsManager::ConstructGameplayTagTree: Construct from data asset -  0.000 s
[2019.05.05-20.14.59:424][  0]LogStats: UGameplayTagsManager::ConstructGameplayTagTree: ImportINI -  0.000 s
[2019.05.05-20.14.59:424][  0]LogStats: UGameplayTagsManager::ConstructGameplayTagTree: GameplayTagTreeChangedEvent.Broadcast -  0.000 s
[2019.05.05-20.14.59:583][  0]SourceControl: Source control is disabled
[2019.05.05-20.14.59:583][  0]Cmd: MAP LOAD FILE="../../../../../../Users/jhgri/Downloads/LeapMotionEduUI/Content/StarterContent/Maps/Minimal_Default.umap" TEMPLATE=0 SHOWPROGRESS=1 FEATURELEVEL=3
[2019.05.05-20.14.59:583][  0]LightingResults: New page: Lighting Build
[2019.05.05-20.14.59:586][  0]MapCheck: New page: Map Check
[2019.05.05-20.14.59:586][  0]LightingResults: New page: Lighting Build
[2019.05.05-20.14.59:866][  0]LogAIModule: Creating AISystem for world Minimal_Default
[2019.05.05-20.14.59:880][  0]LogEditorServer: Finished looking for orphan Actors (0.000 secs)
[2019.05.05-20.14.59:901][  0]Cmd: MAP CHECKDEP NOCLEARLOG
[2019.05.05-20.14.59:901][  0]MapCheck: Map check complete: 0 Error(s), 0 Warning(s), took 0.137ms to complete.
[2019.05.05-20.14.59:901][  0]LogFileHelpers: Loading map 'Minimal_Default' took 0.317
[2019.05.05-20.14.59:997][  0]LogSlate: Updating window title bar state: overlay mode, drag disabled, window buttons hidden, title bar hidden
[2019.05.05-20.15.00:003][  0]LogSlate: Updating window title bar state: overlay mode, drag disabled, window buttons hidden, title bar hidden
[2019.05.05-20.15.00:009][  0]LogSlate: Updating window title bar state: overlay mode, drag disabled, window buttons hidden, title bar hidden
[2019.05.05-20.15.00:016][  0]LogSlate: Updating window title bar state: overlay mode, drag disabled, window buttons hidden, title bar hidden
[2019.05.05-20.15.00:024][  0]LogCollectionManager: Loaded 0 collections in 0.001842 seconds
[2019.05.05-20.15.00:040][  0]LogFileCache: Scanning file cache for directory 'C:/Users/jhgri/Downloads/LeapMotionEduUI/Saved/Collections/' took 0.01s
[2019.05.05-20.15.00:040][  0]LogFileCache: Scanning file cache for directory 'C:/Users/jhgri/Downloads/LeapMotionEduUI/Content/Developers/jhgri/Collections/' took 0.00s
[2019.05.05-20.15.00:040][  0]LogFileCache: Scanning file cache for directory 'C:/Users/jhgri/Downloads/LeapMotionEduUI/Content/Collections/' took 0.00s
[2019.05.05-20.15.00:040][  0]LogCollectionManager: Rebuilt the GUID cache for 0 collections in 0.000000 seconds
[2019.05.05-20.15.00:047][  0]LogContentBrowser: Native class hierarchy populated in 0.0071 seconds. Added 2678 classes and 624 folders.
[2019.05.05-20.15.00:054][  0]LogContentBrowser: Native class hierarchy updated for 'WidgetCarousel' in 0.0002 seconds. Added 0 classes and 0 folders.
[2019.05.05-20.15.00:060][  0]LogPakFile: Registered encryption key '00000000000000000000000000000000': 0 pak files mounted, 0 remain pending
[2019.05.05-20.15.00:064][  0]LogPakFile: Registered encryption key '00000000000000000000000000000000': 0 pak files mounted, 0 remain pending
[2019.05.05-20.15.00:075][  0]LogPakFile: Registered encryption key '00000000000000000000000000000000': 0 pak files mounted, 0 remain pending
[2019.05.05-20.15.00:078][  0]LogPakFile: Registered encryption key '00000000000000000000000000000000': 0 pak files mounted, 0 remain pending
[2019.05.05-20.15.00:081][  0]LogPakFile: Registered encryption key '00000000000000000000000000000000': 0 pak files mounted, 0 remain pending
[2019.05.05-20.15.00:084][  0]LogPakFile: Registered encryption key '00000000000000000000000000000000': 0 pak files mounted, 0 remain pending
[2019.05.05-20.15.00:087][  0]LogPakFile: Registered encryption key '00000000000000000000000000000000': 0 pak files mounted, 0 remain pending
[2019.05.05-20.15.00:090][  0]LogPakFile: Registered encryption key '00000000000000000000000000000000': 0 pak files mounted, 0 remain pending
[2019.05.05-20.15.00:093][  0]LogPakFile: Registered encryption key '00000000000000000000000000000000': 0 pak files mounted, 0 remain pending
[2019.05.05-20.15.00:096][  0]LogPakFile: Registered encryption key '00000000000000000000000000000000': 0 pak files mounted, 0 remain pending
[2019.05.05-20.15.00:100][  0]LogPakFile: Registered encryption key '00000000000000000000000000000000': 0 pak files mounted, 0 remain pending
[2019.05.05-20.15.00:103][  0]LogPakFile: Registered encryption key '00000000000000000000000000000000': 0 pak files mounted, 0 remain pending
[2019.05.05-20.15.00:106][  0]LogPakFile: Registered encryption key '00000000000000000000000000000000': 0 pak files mounted, 0 remain pending
[2019.05.05-20.15.00:109][  0]LogPakFile: Registered encryption key '00000000000000000000000000000000': 0 pak files mounted, 0 remain pending
[2019.05.05-20.15.00:112][  0]LogPakFile: Registered encryption key '00000000000000000000000000000000': 0 pak files mounted, 0 remain pending
[2019.05.05-20.15.00:115][  0]LogPakFile: Registered encryption key '00000000000000000000000000000000': 0 pak files mounted, 0 remain pending
[2019.05.05-20.15.00:130][  0]LogPakFile: Registered encryption key '00000000000000000000000000000000': 0 pak files mounted, 0 remain pending
[2019.05.05-20.15.00:133][  0]LogPakFile: Registered encryption key '00000000000000000000000000000000': 0 pak files mounted, 0 remain pending
[2019.05.05-20.15.00:136][  0]LogPakFile: Registered encryption key '00000000000000000000000000000000': 0 pak files mounted, 0 remain pending
[2019.05.05-20.15.00:139][  0]LogPakFile: Registered encryption key '00000000000000000000000000000000': 0 pak files mounted, 0 remain pending
[2019.05.05-20.15.00:158][  0]LogPakFile: Registered encryption key '00000000000000000000000000000000': 0 pak files mounted, 0 remain pending
[2019.05.05-20.15.00:161][  0]LogPakFile: Registered encryption key '00000000000000000000000000000000': 0 pak files mounted, 0 remain pending
[2019.05.05-20.15.00:164][  0]LogPakFile: Registered encryption key '00000000000000000000000000000000': 0 pak files mounted, 0 remain pending
[2019.05.05-20.15.00:167][  0]LogPakFile: Registered encryption key '00000000000000000000000000000000': 0 pak files mounted, 0 remain pending
[2019.05.05-20.15.00:170][  0]LogPakFile: Registered encryption key '00000000000000000000000000000000': 0 pak files mounted, 0 remain pending
[2019.05.05-20.15.00:173][  0]LogPakFile: Registered encryption key '00000000000000000000000000000000': 0 pak files mounted, 0 remain pending
[2019.05.05-20.15.00:265][  0]LogContentBrowser: Native class hierarchy updated for 'AddContentDialog' in 0.0002 seconds. Added 0 classes and 0 folders.
[2019.05.05-20.15.00:269][  0]LogContentBrowser: Native class hierarchy updated for 'SceneOutliner' in 0.0002 seconds. Added 1 classes and 2 folders.
[2019.05.05-20.15.00:283][  0]LogSlate: Took 0.003518 seconds to synchronously load lazily loaded font '../../../Engine/Content/Slate/Fonts/Roboto-Regular.ttf' (155K)
[2019.05.05-20.15.00:288][  0]LogSlate: Took 0.003073 seconds to synchronously load lazily loaded font '../../../Engine/Content/Slate/Fonts/Roboto-Bold.ttf' (160K)
[2019.05.05-20.15.00:294][  0]LogSlate: Took 0.003313 seconds to synchronously load lazily loaded font '../../../Engine/Content/Editor/Slate/Fonts/FontAwesome.ttf' (139K)
[2019.05.05-20.15.00:390][  0]LogRenderer: Reallocating scene render targets to support 1036x668 Format 10 NumSamples 1 (Frame:1).
[2019.05.05-20.15.00:528][  0]LogContentBrowser: Native class hierarchy updated for 'HierarchicalLODOutliner' in 0.0003 seconds. Added 0 classes and 0 folders.
[2019.05.05-20.15.00:528][  0]LogLoad: (Engine Initialization) Total time: 13.14 seconds
[2019.05.05-20.15.00:528][  0]LogLoad: (Engine Initialization) Total Blueprint compile time: 0.00 seconds
[2019.05.05-20.15.00:589][  0]LogContentStreaming: Texture pool size now 1000 MB
[2019.05.05-20.15.00:683][  1]LogAssetRegistry: Asset discovery search completed in 7.0381 seconds
[2019.05.05-20.15.00:684][  1]LogCollectionManager: Rebuilt the object cache for 0 collections in 0.000000 seconds (found 0 objects)
[2019.05.05-20.15.00:684][  1]LogCollectionManager: Fixed up redirectors for 0 collections in 0.000039 seconds (updated 0 objects)
[2019.05.05-20.15.04:450][446]LogSlate: FSceneViewport::OnFocusLost() reason 2
[2019.05.05-20.15.04:661][471]LogSlate: Took 0.002980 seconds to synchronously load lazily loaded font '../../../Engine/Content/Slate/Fonts/Roboto-Light.ttf' (167K)
[2019.05.05-20.15.04:865][494]LogSlate: FSceneViewport::OnFocusLost() reason 2
[2019.05.05-20.15.05:579][579]LogSlate: FSceneViewport::OnFocusLost() reason 2
[2019.05.05-20.15.08:849][971]LogSlate: FSceneViewport::OnFocusLost() reason 2
[2019.05.05-20.15.12:601][416]Cmd: MAP LOAD FILE="../../../../../../Users/jhgri/Downloads/LeapMotionEduUI/Content/RetroKitchen/Maps/Showcase.umap" TEMPLATE=0 SHOWPROGRESS=1 FEATURELEVEL=3
[2019.05.05-20.15.12:603][416]LogSlate: Took 0.000132 seconds to synchronously load lazily loaded font '../../../Engine/Content/Slate/Fonts/Roboto-Light.ttf' (167K)
[2019.05.05-20.15.12:610][416]LightingResults: New page: Lighting Build
[2019.05.05-20.15.12:611][416]LoadErrors: New page: Loading map: Showcase.umap
[2019.05.05-20.15.12:613][416]MapCheck: New page: Map Check
[2019.05.05-20.15.12:613][416]LightingResults: New page: Lighting Build
[2019.05.05-20.15.13:690][416]LogBlueprint: Warning: [Compiler PostProcessChanger] Override pins have been removed from  Break PostProcessSettings  in  PostProcessChanger , please verify the Blueprint works as expected! See tooltips for enabling pin visibility for more details. This warning will go away after you resave the asset!
[2019.05.05-20.15.13:720][416]LogBlueprint: Warning: [Compiler PostProcessChanger] [0026.33] Compile of PostProcessChanger successful, but with 1 Warning(s) [in 98 ms] (/LeapMotion/Blueprints/Utility/PostProcessChanger.PostProcessChanger)
[2019.05.05-20.15.14:082][416]LogBlueprint: Warning: [Compiler LeapFloatingHandsCharacter1] InputAction Event references unknown Action 'ChangeColor' for  InputAction ChangeColor
[2019.05.05-20.15.14:084][416]LogBlueprint: Warning: [Compiler LeapFloatingHandsCharacter1] InputAction Event references unknown Action 'PickObject' for  InputAction PickObject
[2019.05.05-20.15.14:084][416]LogBlueprint: Warning: [Compiler LeapFloatingHandsCharacter1] InputAction Event references unknown Action 'ChangeImageHandTint' for  InputAction ChangeImageHandTint
[2019.05.05-20.15.14:084][416]LogBlueprint: Warning: [Compiler LeapFloatingHandsCharacter1] InputAction Event references unknown Action 'ChangeHands' for  InputAction ChangeHands
[2019.05.05-20.15.14:084][416]LogBlueprint: Warning: [Compiler LeapFloatingHandsCharacter1] InputAction Event references unknown Action 'ResetHMDOrientation' for  InputAction ResetHMDOrientation
[2019.05.05-20.15.14:084][416]LogBlueprint: Warning: [Compiler LeapFloatingHandsCharacter1] Input Axis Event references unknown Axis 'TurnRate' for  InputAxis TurnRate
[2019.05.05-20.15.14:084][416]LogBlueprint: Warning: [Compiler LeapFloatingHandsCharacter1] InputAction Event references unknown Action 'ComfortTurnRight' for  InputAction ComfortTurnRight
[2019.05.05-20.15.14:084][416]LogBlueprint: Warning: [Compiler LeapFloatingHandsCharacter1] InputAction Event references unknown Action 'ComfortTurnLeft' for  InputAction ComfortTurnLeft
[2019.05.05-20.15.14:084][416]LogBlueprint: Warning: [Compiler LeapFloatingHandsCharacter1] InputAction Event references unknown Action 'Jump' for  InputAction Jump
[2019.05.05-20.15.14:084][416]LogBlueprint: Warning: [Compiler LeapFloatingHandsCharacter1] Input Axis Event references unknown Axis 'LookUpRate' for  InputAxis LookUpRate
[2019.05.05-20.15.14:092][416]LogBlueprint: Warning: [Compiler LeapFloatingHandsCharacter1] [0026.70] Compile of LeapFloatingHandsCharacter1 successful, but with 10 Warning(s) [in 20 ms] (/Game/migrated/LeapFloatingHandsCharacter1.LeapFloatingHandsCharacter1)
[2019.05.05-20.15.16:532][416]LogAIModule: Creating AISystem for world Showcase
[2019.05.05-20.15.16:554][416]LeapPluginLog: InterfaceObject: LeapAnimBodyConnector_C_124
[2019.05.05-20.15.16:560][416]LeapPluginLog: InterfaceObject: LeapAnimBodyConnector_C_126
[2019.05.05-20.15.16:565][416]LogEditorServer: Finished looking for orphan Actors (0.000 secs)
[2019.05.05-20.15.16:648][416]Cmd: MAP CHECKDEP NOCLEARLOG
[2019.05.05-20.15.16:649][416]MapCheck: Map check complete: 0 Error(s), 0 Warning(s), took 0.127ms to complete.
[2019.05.05-20.15.16:649][416]LogFileHelpers: Loading map 'Showcase' took 4.048
[2019.05.05-20.15.16:650][416]LogSlate: Window 'Open Level' being destroyed
[2019.05.05-20.15.21:548][975]LogSlate: FSceneViewport::OnFocusLost() reason 0
[2019.05.05-20.15.21:936][986]LogSavePackage: Moving '../../../../../../Users/jhgri/Downloads/LeapMotionEduUI/Saved/Showcase23CA2D234B12706A37B94B9E82F1FDE7.tmp' to '../../../../../../Users/jhgri/Downloads/LeapMotionEduUI/Content/RetroKitchen/Maps/Showcase.umap'
[2019.05.05-20.15.21:965][986]Cmd: OBJ SAVEPACKAGE PACKAGE="/Game/RetroKitchen/Maps/Showcase_BuiltData" FILE="../../../../../../Users/jhgri/Downloads/LeapMotionEduUI/Content/RetroKitchen/Maps/Showcase_BuiltData.uasset" SILENT=true
[2019.05.05-20.15.23:566][986]LogSavePackage: Moving '../../../../../../Users/jhgri/Downloads/LeapMotionEduUI/Saved/Showcase_BuiltData993ACE01426BFB9CDD2687B969A25092.tmp' to '../../../../../../Users/jhgri/Downloads/LeapMotionEduUI/Content/RetroKitchen/Maps/Showcase_BuiltData.uasset'
[2019.05.05-20.15.25:517][208]LogSlate: FSceneViewport::OnFocusLost() reason 2
[2019.05.05-20.15.32:380][ 31]LogSlate: FSceneViewport::OnFocusLost() reason 2
[2019.05.05-20.15.40:965][ 31]LogSlate: Window 'Save Level As' being destroyed
[2019.05.05-20.15.42:972][264]LogSlate: FSceneViewport::OnFocusLost() reason 2
[2019.05.05-20.16.08:484][314]LogSlate: FSceneViewport::OnFocusLost() reason 2
[2019.05.05-20.16.08:812][314]LogSlate: Window 'Tutorials' being destroyed
[2019.05.05-20.16.10:317][491]LogSlate: FSceneViewport::OnFocusLost() reason 0
