Log file open, 05/05/19 14:16:49
LogWindows: Failed to load 'aqProf.dll' (GetLastError=126)
LogWindows: File 'aqProf.dll' does not exist
LogWindows: Failed to load 'VtuneApi.dll' (GetLastError=126)
LogWindows: File 'VtuneApi.dll' does not exist
LogWindows: Failed to load 'VtuneApi32e.dll' (GetLastError=126)
LogWindows: File 'VtuneApi32e.dll' does not exist
LogConsoleResponse: Display: Failed to find resolution value strings in scalability ini. Falling back to default.
LogInit: Display: Running engine for game: LeapMotionEduUI
LogPakFile: Registered encryption key '00000000000000000000000000000000': 0 pak files mounted, 0 remain pending
LogPlatformFile: Not using cached read wrapper
LogTaskGraph: Started task graph with 5 named threads and 23 total threads with 3 sets of task threads.
LogStats: Stats thread started at 0.272431
LogD3D11RHI: Loaded GFSDK_Aftermath_Lib.x64.dll
LogICUInternationalization: ICU TimeZone Detection - Raw Offset: -7:00, Platform Override: ''
LogPluginManager: Mounting plugin Paper2D
LogPluginManager: Mounting plugin AISupport
LogPluginManager: Mounting plugin LightPropagationVolume
LogPluginManager: Mounting plugin ActorLayerUtilities
LogPluginManager: Mounting plugin CLionSourceCodeAccess
LogPluginManager: Mounting plugin CodeLiteSourceCodeAccess
LogPluginManager: Mounting plugin GitSourceControl
LogPluginManager: Mounting plugin KDevelopSourceCodeAccess
LogPluginManager: Mounting plugin NullSourceCodeAccess
LogPluginManager: Mounting plugin PerforceSourceControl
LogPluginManager: Mounting plugin SubversionSourceControl
LogPluginManager: Mounting plugin UObjectPlugin
LogPluginManager: Mounting plugin VisualStudioCodeSourceCodeAccess
LogPluginManager: Mounting plugin VisualStudioSourceCodeAccess
LogPluginManager: Mounting plugin XCodeSourceCodeAccess
LogPluginManager: Mounting plugin AssetManagerEditor
LogPluginManager: Mounting plugin CryptoKeys
LogPluginManager: Mounting plugin DataValidation
LogPluginManager: Mounting plugin FacialAnimation
LogPluginManager: Mounting plugin GameplayTagsEditor
LogPluginManager: Mounting plugin MacGraphicsSwitching
LogPluginManager: Mounting plugin MeshEditor
LogPluginManager: Mounting plugin MobileLauncherProfileWizard
LogPluginManager: Mounting plugin PluginBrowser
LogPluginManager: Mounting plugin SpeedTreeImporter
LogPluginManager: Mounting plugin DatasmithContent
LogPluginManager: Mounting plugin VariantManagerContent
LogPluginManager: Mounting plugin AlembicImporter
LogPluginManager: Mounting plugin AppleImageUtils
LogPluginManager: Mounting plugin AppleVision
LogPluginManager: Mounting plugin BackChannel
LogPluginManager: Mounting plugin CharacterAI
LogPluginManager: Mounting plugin GeometryCache
LogPluginManager: Mounting plugin HTML5Networking
LogPluginManager: Mounting plugin ProxyLODPlugin
LogPluginManager: Mounting plugin MagicLeap
LogPluginManager: Mounting plugin MagicLeapMedia
LogPluginManager: Mounting plugin AndroidMedia
LogPluginManager: Mounting plugin AvfMedia
LogPluginManager: Mounting plugin ImgMedia
LogPluginManager: Mounting plugin LinearTimecode
LogPluginManager: Mounting plugin MediaCompositing
LogPluginManager: Mounting plugin MediaPlayerEditor
LogPluginManager: Mounting plugin WebMMedia
LogPluginManager: Mounting plugin WmfMedia
LogPluginManager: Mounting plugin TcpMessaging
LogPluginManager: Mounting plugin UdpMessaging
LogPluginManager: Mounting plugin ActorSequence
LogPluginManager: Mounting plugin LevelSequenceEditor
LogPluginManager: Mounting plugin MatineeToLevelSequence
LogPluginManager: Mounting plugin NetcodeUnitTest
LogPluginManager: Mounting plugin NUTUnrealEngine4
LogPluginManager: Mounting plugin OnlineSubsystemGooglePlay
LogPluginManager: Mounting plugin OnlineSubsystemIOS
LogPluginManager: Mounting plugin OnlineSubsystem
LogPluginManager: Mounting plugin OnlineSubsystemNull
LogPluginManager: Mounting plugin OnlineSubsystemUtils
LogPluginManager: Mounting plugin LauncherChunkInstaller
LogPluginManager: Mounting plugin AndroidDeviceProfileSelector
LogPluginManager: Mounting plugin AndroidMoviePlayer
LogPluginManager: Mounting plugin AndroidPermission
LogPluginManager: Mounting plugin AppleMoviePlayer
LogPluginManager: Mounting plugin ArchVisCharacter
LogPluginManager: Mounting plugin AudioCapture
LogPluginManager: Mounting plugin CableComponent
LogPluginManager: Mounting plugin CustomMeshComponent
LogPluginManager: Mounting plugin EditableMesh
LogPluginManager: Mounting plugin ExampleDeviceProfileSelector
LogPluginManager: Mounting plugin Firebase
LogPluginManager: Mounting plugin GoogleCloudMessaging
LogPluginManager: Mounting plugin IOSDeviceProfileSelector
LogPluginManager: Mounting plugin LeapMotion
LogPluginManager: Mounting plugin LinuxDeviceProfileSelector
LogPluginManager: Mounting plugin LocationServicesBPLibrary
LogPluginManager: Mounting plugin MobilePatchingUtils
LogPluginManager: Mounting plugin OculusVR
LogPluginManager: Mounting plugin PhysXVehicles
LogPluginManager: Mounting plugin ProceduralMeshComponent
LogPluginManager: Mounting plugin RuntimePhysXCooking
LogPluginManager: Mounting plugin SteamVR
LogPluginManager: Mounting plugin WebMMoviePlayer
LogPluginManager: Mounting plugin WindowsMoviePlayer
LogStreaming: Display: Took  0.077s to configure plugins.
LogInit: Using libcurl 7.55.1-DEV
LogInit:  - built for x86_64-pc-win32
LogInit:  - supports SSL with OpenSSL/1.0.2h
LogInit:  - supports HTTP deflate (compression) using libz 1.2.8
LogInit:  - other features:
LogInit:      CURL_VERSION_SSL
LogInit:      CURL_VERSION_LIBZ
LogInit:      CURL_VERSION_IPV6
LogInit:      CURL_VERSION_ASYNCHDNS
LogInit:      CURL_VERSION_LARGEFILE
LogInit:      CURL_VERSION_IDN
LogInit:  CurlRequestOptions (configurable via config and command line):
LogInit:  - bVerifyPeer = true  - Libcurl will verify peer certificate
LogInit:  - bUseHttpProxy = false  - Libcurl will NOT use HTTP proxy
LogInit:  - bDontReuseConnections = false  - Libcurl will reuse connections
LogInit:  - MaxHostConnections = 16  - Libcurl will limit the number of connections to a host
LogInit:  - LocalHostAddr = Default
LogInit:  - BufferSize = 65536
LogInit: WinSock: version 1.1 (2.2), MaxSocks=32767, MaxUdp=65467
LeapPluginLog: Using LeapPlugin version 2.0.0
LogInit: Build: ++UE4+Release-4.21-CL-4753647
LogInit: Engine Version: 4.21.2-4753647+++UE4+Release-4.21
LogInit: Compatible Engine Version: 4.21.0-4541578+++UE4+Release-4.21
LogInit: Net CL: 4541578
LogInit: OS: Windows 10 (), CPU: Intel(R) Core(TM) i7-7700 CPU @ 3.60GHz, GPU: AMD Radeon (TM) RX 480
LogInit: Compiled (64-bit): Jan 19 2019 02:07:31
LogInit: Compiled with Visual C++: 19.13.26129.00
LogInit: Build Configuration: Development
LogInit: Branch Name: ++UE4+Release-4.21
LogInit: Command Line: 
LogInit: Base Directory: C:/Program Files/Epic Games/UE_4.21/Engine/Binaries/Win64/
LogInit: Installed Engine Build: 1
LogDevObjectVersion: Number of dev versions registered: 22
LogDevObjectVersion:   Dev-Blueprints (B0D832E4-1F89-4F0D-ACCF-7EB736FD4AA2): 10
LogDevObjectVersion:   Dev-Build (E1C64328-A22C-4D53-A36C-8E866417BD8C): 0
LogDevObjectVersion:   Dev-Core (375EC13C-06E4-48FB-B500-84F0262A717E): 2
LogDevObjectVersion:   Dev-Editor (E4B068ED-F494-42E9-A231-DA0B2E46BB41): 26
LogDevObjectVersion:   Dev-Framework (CFFC743F-43B0-4480-9391-14DF171D2073): 34
LogDevObjectVersion:   Dev-Mobile (B02B49B5-BB20-44E9-A304-32B752E40360): 2
LogDevObjectVersion:   Dev-Networking (A4E4105C-59A1-49B5-A7C5-40C4547EDFEE): 0
LogDevObjectVersion:   Dev-Online (39C831C9-5AE6-47DC-9A44-9C173E1C8E7C): 0
LogDevObjectVersion:   Dev-Physics (78F01B33-EBEA-4F98-B9B4-84EACCB95AA2): 0
LogDevObjectVersion:   Dev-Platform (6631380F-2D4D-43E0-8009-CF276956A95A): 0
LogDevObjectVersion:   Dev-Rendering (12F88B9F-8875-4AFC-A67C-D90C383ABD29): 27
LogDevObjectVersion:   Dev-Sequencer (7B5AE74C-D270-4C10-A958-57980B212A5A): 9
LogDevObjectVersion:   Dev-VR (D7296918-1DD6-4BDD-9DE2-64A83CC13884): 2
LogDevObjectVersion:   Dev-LoadTimes (C2A15278-BFE7-4AFE-6C17-90FF531DF755): 1
LogDevObjectVersion:   Private-Geometry (6EACA3D4-40EC-4CC1-B786-8BED09428FC5): 3
LogDevObjectVersion:   Dev-AnimPhys (29E575DD-E0A3-4627-9D10-D276232CDCEA): 17
LogDevObjectVersion:   Dev-Anim (AF43A65D-7FD3-4947-9873-3E8ED9C1BB05): 2
LogDevObjectVersion:   Dev-ReflectionCapture (6B266CEC-1EC7-4B8F-A30B-E4D90942FC07): 1
LogDevObjectVersion:   Dev-Automation (0DF73D61-A23F-47EA-B727-89E90C41499A): 1
LogDevObjectVersion:   FortniteMain (601D1886-AC64-4F84-AA16-D3DE0DEAC7D6): 17
LogDevObjectVersion:   Dev-Enterprise (9DFFBCD6-494F-0158-E221-12823C92A888): 4
LogDevObjectVersion:   Dev-Niagara (F2AED0AC-9AFE-416F-8664-AA7FFA26D6FC): 1
LogStreaming: Display: Took  0.000s to delete old logs.
LogInit: Presizing for max 8388607 objects, including 0 objects not considered by GC, pre-allocating 0 bytes for permanent pool.
LogInit: Object subsystem initialized
LogConfig: Setting CVar [[con.DebugEarlyDefault:1]]
LogConfig: Setting CVar [[r.setres:1280x720]]
[2019.05.05-20.16.49:439][  0]LogConfig: Setting CVar [[r.VSync:0]]
[2019.05.05-20.16.49:439][  0]LogConfig: Setting CVar [[r.RHICmdBypass:0]]
[2019.05.05-20.16.49:439][  0]LogConfig: Applying CVar settings from Section [/Script/Engine.RendererSettings] File [C:/Users/jhgri/Downloads/LeapMotionEduUI/Saved/Config/Windows/Engine.ini]
[2019.05.05-20.16.49:439][  0]LogConfig: Setting CVar [[r.GPUCrashDebugging:0]]
[2019.05.05-20.16.49:439][  0]LogConfig: Applying CVar settings from Section [/Script/Engine.RendererOverrideSettings] File [C:/Users/jhgri/Downloads/LeapMotionEduUI/Saved/Config/Windows/Engine.ini]
[2019.05.05-20.16.49:439][  0]LogConfig: Applying CVar settings from Section [/Script/Engine.StreamingSettings] File [C:/Users/jhgri/Downloads/LeapMotionEduUI/Saved/Config/Windows/Engine.ini]
[2019.05.05-20.16.49:439][  0]LogConfig: Setting CVar [[s.MinBulkDataSizeForAsyncLoading:131072]]
[2019.05.05-20.16.49:439][  0]LogConfig: Setting CVar [[s.AsyncLoadingThreadEnabled:0]]
[2019.05.05-20.16.49:439][  0]LogConfig: Setting CVar [[s.EventDrivenLoaderEnabled:1]]
[2019.05.05-20.16.49:439][  0]LogConfig: Setting CVar [[s.WarnIfTimeLimitExceeded:0]]
[2019.05.05-20.16.49:439][  0]LogConfig: Setting CVar [[s.TimeLimitExceededMultiplier:1.5]]
[2019.05.05-20.16.49:439][  0]LogConfig: Setting CVar [[s.TimeLimitExceededMinTime:0.005]]
[2019.05.05-20.16.49:439][  0]LogConfig: Setting CVar [[s.UseBackgroundLevelStreaming:1]]
[2019.05.05-20.16.49:439][  0]LogConfig: Setting CVar [[s.PriorityAsyncLoadingExtraTime:15.0]]
[2019.05.05-20.16.49:439][  0]LogConfig: Setting CVar [[s.LevelStreamingActorsUpdateTimeLimit:5.0]]
[2019.05.05-20.16.49:439][  0]LogConfig: Setting CVar [[s.PriorityLevelStreamingActorsUpdateExtraTime:5.0]]
[2019.05.05-20.16.49:439][  0]LogConfig: Setting CVar [[s.LevelStreamingComponentsRegistrationGranularity:10]]
[2019.05.05-20.16.49:439][  0]LogConfig: Setting CVar [[s.UnregisterComponentsTimeLimit:1.0]]
[2019.05.05-20.16.49:439][  0]LogConfig: Setting CVar [[s.LevelStreamingComponentsUnregistrationGranularity:5]]
[2019.05.05-20.16.49:439][  0]LogConfig: Applying CVar settings from Section [/Script/Engine.GarbageCollectionSettings] File [C:/Users/jhgri/Downloads/LeapMotionEduUI/Saved/Config/Windows/Engine.ini]
[2019.05.05-20.16.49:439][  0]LogConfig: Setting CVar [[gc.MaxObjectsNotConsideredByGC:1]]
[2019.05.05-20.16.49:439][  0]LogConfig: Setting CVar [[gc.SizeOfPermanentObjectPool:0]]
[2019.05.05-20.16.49:439][  0]LogConfig: Setting CVar [[gc.FlushStreamingOnGC:0]]
[2019.05.05-20.16.49:439][  0]LogConfig: Setting CVar [[gc.NumRetriesBeforeForcingGC:10]]
[2019.05.05-20.16.49:439][  0]LogConfig: Setting CVar [[gc.AllowParallelGC:1]]
[2019.05.05-20.16.49:439][  0]LogConfig: Setting CVar [[gc.TimeBetweenPurgingPendingKillObjects:61.1]]
[2019.05.05-20.16.49:439][  0]LogConfig: Setting CVar [[gc.MaxObjectsInEditor:8388607]]
[2019.05.05-20.16.49:439][  0]LogConfig: Setting CVar [[gc.IncrementalBeginDestroyEnabled:1]]
[2019.05.05-20.16.49:440][  0]LogConfig: Setting CVar [[gc.CreateGCClusters:1]]
[2019.05.05-20.16.49:440][  0]LogConfig: Setting CVar [[gc.MergeGCClusters:0]]
[2019.05.05-20.16.49:440][  0]LogConfig: Setting CVar [[gc.MinGCClusterSize:5]]
[2019.05.05-20.16.49:440][  0]LogConfig: Setting CVar [[gc.ActorClusteringEnabled:0]]
[2019.05.05-20.16.49:440][  0]LogConfig: Setting CVar [[gc.BlueprintClusteringEnabled:0]]
[2019.05.05-20.16.49:440][  0]LogConfig: Setting CVar [[gc.UseDisregardForGCOnDedicatedServers:0]]
[2019.05.05-20.16.49:440][  0]LogConfig: Applying CVar settings from Section [/Script/Engine.NetworkSettings] File [C:/Users/jhgri/Downloads/LeapMotionEduUI/Saved/Config/Windows/Engine.ini]
[2019.05.05-20.16.49:440][  0]LogConfig: Applying CVar settings from Section [/Script/UnrealEd.CookerSettings] File [C:/Users/jhgri/Downloads/LeapMotionEduUI/Saved/Config/Windows/Engine.ini]
[2019.05.05-20.16.49:445][  0]LogConfig: Applying CVar settings from Section [ViewDistanceQuality@3] File [C:/Users/jhgri/Downloads/LeapMotionEduUI/Saved/Config/Windows/Scalability.ini]
[2019.05.05-20.16.49:445][  0]LogConfig: Setting CVar [[r.SkeletalMeshLODBias:0]]
[2019.05.05-20.16.49:445][  0]LogConfig: Setting CVar [[r.ViewDistanceScale:1.0]]
[2019.05.05-20.16.49:445][  0]LogConfig: Applying CVar settings from Section [AntiAliasingQuality@3] File [C:/Users/jhgri/Downloads/LeapMotionEduUI/Saved/Config/Windows/Scalability.ini]
[2019.05.05-20.16.49:445][  0]LogConfig: Setting CVar [[r.PostProcessAAQuality:4]]
[2019.05.05-20.16.49:445][  0]LogConfig: Applying CVar settings from Section [ShadowQuality@3] File [C:/Users/jhgri/Downloads/LeapMotionEduUI/Saved/Config/Windows/Scalability.ini]
[2019.05.05-20.16.49:445][  0]LogConfig: Setting CVar [[r.LightFunctionQuality:1]]
[2019.05.05-20.16.49:446][  0]LogConfig: Setting CVar [[r.ShadowQuality:5]]
[2019.05.05-20.16.49:446][  0]LogConfig: Setting CVar [[r.Shadow.CSM.MaxCascades:10]]
[2019.05.05-20.16.49:446][  0]LogConfig: Setting CVar [[r.Shadow.MaxResolution:2048]]
[2019.05.05-20.16.49:446][  0]LogConfig: Setting CVar [[r.Shadow.MaxCSMResolution:2048]]
[2019.05.05-20.16.49:446][  0]LogConfig: Setting CVar [[r.Shadow.RadiusThreshold:0.01]]
[2019.05.05-20.16.49:446][  0]LogConfig: Setting CVar [[r.Shadow.DistanceScale:1.0]]
[2019.05.05-20.16.49:446][  0]LogConfig: Setting CVar [[r.Shadow.CSM.TransitionScale:1.0]]
[2019.05.05-20.16.49:446][  0]LogConfig: Setting CVar [[r.Shadow.PreShadowResolutionFactor:1.0]]
[2019.05.05-20.16.49:446][  0]LogConfig: Setting CVar [[r.DistanceFieldShadowing:1]]
[2019.05.05-20.16.49:446][  0]LogConfig: Setting CVar [[r.DistanceFieldAO:1]]
[2019.05.05-20.16.49:446][  0]LogConfig: Setting CVar [[r.AOQuality:2]]
[2019.05.05-20.16.49:446][  0]LogConfig: Setting CVar [[r.VolumetricFog:1]]
[2019.05.05-20.16.49:446][  0]LogConfig: Setting CVar [[r.VolumetricFog.GridPixelSize:8]]
[2019.05.05-20.16.49:446][  0]LogConfig: Setting CVar [[r.VolumetricFog.GridSizeZ:128]]
[2019.05.05-20.16.49:446][  0]LogConfig: Setting CVar [[r.VolumetricFog.HistoryMissSupersampleCount:4]]
[2019.05.05-20.16.49:446][  0]LogConfig: Setting CVar [[r.LightMaxDrawDistanceScale:1]]
[2019.05.05-20.16.49:446][  0]LogConfig: Setting CVar [[r.CapsuleShadows:1]]
[2019.05.05-20.16.49:446][  0]LogConfig: Applying CVar settings from Section [PostProcessQuality@3] File [C:/Users/jhgri/Downloads/LeapMotionEduUI/Saved/Config/Windows/Scalability.ini]
[2019.05.05-20.16.49:446][  0]LogConfig: Setting CVar [[r.MotionBlurQuality:4]]
[2019.05.05-20.16.49:446][  0]LogConfig: Setting CVar [[r.AmbientOcclusionMipLevelFactor:0.4]]
[2019.05.05-20.16.49:446][  0]LogConfig: Setting CVar [[r.AmbientOcclusionMaxQuality:100]]
[2019.05.05-20.16.49:446][  0]LogConfig: Setting CVar [[r.AmbientOcclusionLevels:-1]]
[2019.05.05-20.16.49:446][  0]LogConfig: Setting CVar [[r.AmbientOcclusionRadiusScale:1.0]]
[2019.05.05-20.16.49:446][  0]LogConfig: Setting CVar [[r.DepthOfFieldQuality:2]]
[2019.05.05-20.16.49:446][  0]LogConfig: Setting CVar [[r.RenderTargetPoolMin:400]]
[2019.05.05-20.16.49:446][  0]LogConfig: Setting CVar [[r.LensFlareQuality:2]]
[2019.05.05-20.16.49:446][  0]LogConfig: Setting CVar [[r.SceneColorFringeQuality:1]]
[2019.05.05-20.16.49:446][  0]LogConfig: Setting CVar [[r.EyeAdaptationQuality:2]]
[2019.05.05-20.16.49:446][  0]LogConfig: Setting CVar [[r.BloomQuality:5]]
[2019.05.05-20.16.49:446][  0]LogConfig: Setting CVar [[r.FastBlurThreshold:100]]
[2019.05.05-20.16.49:446][  0]LogConfig: Setting CVar [[r.Upscale.Quality:3]]
[2019.05.05-20.16.49:446][  0]LogConfig: Setting CVar [[r.Tonemapper.GrainQuantization:1]]
[2019.05.05-20.16.49:446][  0]LogConfig: Setting CVar [[r.LightShaftQuality:1]]
[2019.05.05-20.16.49:446][  0]LogConfig: Setting CVar [[r.Filter.SizeScale:1]]
[2019.05.05-20.16.49:446][  0]LogConfig: Setting CVar [[r.Tonemapper.Quality:5]]
[2019.05.05-20.16.49:446][  0]LogConfig: Setting CVar [[r.DOF.Gather.AccumulatorQuality:1        ; higher gathering accumulator quality]]
[2019.05.05-20.16.49:446][  0]LogConfig: Setting CVar [[r.DOF.Gather.PostfilterMethod:1          ; Median3x3 postfilering method]]
[2019.05.05-20.16.49:446][  0]LogConfig: Setting CVar [[r.DOF.Gather.EnableBokehSettings:0       ; no bokeh simulation when gathering]]
[2019.05.05-20.16.49:446][  0]LogConfig: Setting CVar [[r.DOF.Gather.RingCount:4                 ; medium number of samples when gathering]]
[2019.05.05-20.16.49:446][  0]LogConfig: Setting CVar [[r.DOF.Scatter.ForegroundCompositing:1    ; additive foreground scattering]]
[2019.05.05-20.16.49:446][  0]LogConfig: Setting CVar [[r.DOF.Scatter.BackgroundCompositing:2    ; additive background scattering]]
[2019.05.05-20.16.49:446][  0]LogConfig: Setting CVar [[r.DOF.Scatter.EnableBokehSettings:1      ; bokeh simulation when scattering]]
[2019.05.05-20.16.49:446][  0]LogConfig: Setting CVar [[r.DOF.Scatter.MaxSpriteRatio:0.1         ; only a maximum of 10% of scattered bokeh]]
[2019.05.05-20.16.49:446][  0]LogConfig: Setting CVar [[r.DOF.Recombine.Quality:1                ; cheap slight out of focus]]
[2019.05.05-20.16.49:446][  0]LogConfig: Setting CVar [[r.DOF.Recombine.EnableBokehSettings:0    ; no bokeh simulation on slight out of focus]]
[2019.05.05-20.16.49:446][  0]LogConfig: Setting CVar [[r.DOF.TemporalAAQuality:1                ; more stable temporal accumulation]]
[2019.05.05-20.16.49:446][  0]LogConfig: Setting CVar [[r.DOF.Kernel.MaxForegroundRadius:0.025]]
[2019.05.05-20.16.49:446][  0]LogConfig: Setting CVar [[r.DOF.Kernel.MaxBackgroundRadius:0.025]]
[2019.05.05-20.16.49:446][  0]LogConfig: Applying CVar settings from Section [TextureQuality@3] File [C:/Users/jhgri/Downloads/LeapMotionEduUI/Saved/Config/Windows/Scalability.ini]
[2019.05.05-20.16.49:446][  0]LogConfig: Setting CVar [[r.Streaming.MipBias:0]]
[2019.05.05-20.16.49:446][  0]LogConfig: Setting CVar [[r.Streaming.AmortizeCPUToGPUCopy:0]]
[2019.05.05-20.16.49:446][  0]LogConfig: Setting CVar [[r.Streaming.MaxNumTexturesToStreamPerFrame:0]]
[2019.05.05-20.16.49:446][  0]LogConfig: Setting CVar [[r.Streaming.Boost:1]]
[2019.05.05-20.16.49:446][  0]LogConfig: Setting CVar [[r.MaxAnisotropy:8]]
[2019.05.05-20.16.49:446][  0]LogConfig: Setting CVar [[r.Streaming.LimitPoolSizeToVRAM:0]]
[2019.05.05-20.16.49:446][  0]LogConfig: Setting CVar [[r.Streaming.PoolSize:1000]]
[2019.05.05-20.16.49:446][  0]LogConfig: Setting CVar [[r.Streaming.MaxEffectiveScreenSize:0]]
[2019.05.05-20.16.49:446][  0]LogConfig: Applying CVar settings from Section [EffectsQuality@3] File [C:/Users/jhgri/Downloads/LeapMotionEduUI/Saved/Config/Windows/Scalability.ini]
[2019.05.05-20.16.49:446][  0]LogConfig: Setting CVar [[r.TranslucencyLightingVolumeDim:64]]
[2019.05.05-20.16.49:446][  0]LogConfig: Setting CVar [[r.RefractionQuality:2]]
[2019.05.05-20.16.49:446][  0]LogConfig: Setting CVar [[r.SSR.Quality:3]]
[2019.05.05-20.16.49:446][  0]LogConfig: Setting CVar [[r.SceneColorFormat:4]]
[2019.05.05-20.16.49:446][  0]LogConfig: Setting CVar [[r.DetailMode:2]]
[2019.05.05-20.16.49:446][  0]LogConfig: Setting CVar [[r.TranslucencyVolumeBlur:1]]
[2019.05.05-20.16.49:446][  0]LogConfig: Setting CVar [[r.MaterialQualityLevel:1 ; High quality]]
[2019.05.05-20.16.49:446][  0]LogConfig: Setting CVar [[r.SSS.Scale:1]]
[2019.05.05-20.16.49:446][  0]LogConfig: Setting CVar [[r.SSS.SampleSet:2]]
[2019.05.05-20.16.49:446][  0]LogConfig: Setting CVar [[r.SSS.Quality:1]]
[2019.05.05-20.16.49:446][  0]LogConfig: Setting CVar [[r.SSS.HalfRes:1]]
[2019.05.05-20.16.49:446][  0]LogConfig: Setting CVar [[r.EmitterSpawnRateScale:1.0]]
[2019.05.05-20.16.49:446][  0]LogConfig: Setting CVar [[r.ParticleLightQuality:2]]
[2019.05.05-20.16.49:446][  0]LogConfig: Applying CVar settings from Section [FoliageQuality@3] File [C:/Users/jhgri/Downloads/LeapMotionEduUI/Saved/Config/Windows/Scalability.ini]
[2019.05.05-20.16.49:446][  0]LogConfig: Setting CVar [[foliage.DensityScale:1.0]]
[2019.05.05-20.16.49:446][  0]LogConfig: Setting CVar [[grass.DensityScale:1.0]]
[2019.05.05-20.16.49:446][  0]LogInit: Selected Device Profile: [Windows]
[2019.05.05-20.16.49:446][  0]LogInit: Applying CVar settings loaded from the selected device profile: [Windows]
[2019.05.05-20.16.49:457][  0]LogHAL: Display: Platform has ~ 24 GB [25664692224 / 34359738368 / 24], which maps to Larger [LargestMinGB=32, LargerMinGB=12, DefaultMinGB=8, SmallerMinGB=6, SmallestMinGB=0)
[2019.05.05-20.16.49:457][  0]LogConfig: Setting CVar [[r.Vulkan.UseRealUBs:1]]
[2019.05.05-20.16.49:457][  0]LogInit: Going up to parent DeviceProfile []
[2019.05.05-20.16.49:457][  0]LogConfig: Applying CVar settings from Section [ViewDistanceQuality@3] File [C:/Users/jhgri/Downloads/LeapMotionEduUI/Saved/Config/Windows/Scalability.ini]
[2019.05.05-20.16.49:457][  0]LogConfig: Setting CVar [[r.SkeletalMeshLODBias:0]]
[2019.05.05-20.16.49:457][  0]LogConfig: Setting CVar [[r.ViewDistanceScale:1.0]]
[2019.05.05-20.16.49:457][  0]LogConfig: Applying CVar settings from Section [AntiAliasingQuality@3] File [C:/Users/jhgri/Downloads/LeapMotionEduUI/Saved/Config/Windows/Scalability.ini]
[2019.05.05-20.16.49:457][  0]LogConfig: Setting CVar [[r.PostProcessAAQuality:4]]
[2019.05.05-20.16.49:457][  0]LogConfig: Applying CVar settings from Section [ShadowQuality@3] File [C:/Users/jhgri/Downloads/LeapMotionEduUI/Saved/Config/Windows/Scalability.ini]
[2019.05.05-20.16.49:457][  0]LogConfig: Setting CVar [[r.LightFunctionQuality:1]]
[2019.05.05-20.16.49:457][  0]LogConfig: Setting CVar [[r.ShadowQuality:5]]
[2019.05.05-20.16.49:457][  0]LogConfig: Setting CVar [[r.Shadow.CSM.MaxCascades:10]]
[2019.05.05-20.16.49:457][  0]LogConfig: Setting CVar [[r.Shadow.MaxResolution:2048]]
[2019.05.05-20.16.49:457][  0]LogConfig: Setting CVar [[r.Shadow.MaxCSMResolution:2048]]
[2019.05.05-20.16.49:458][  0]LogConfig: Setting CVar [[r.Shadow.RadiusThreshold:0.01]]
[2019.05.05-20.16.49:458][  0]LogConfig: Setting CVar [[r.Shadow.DistanceScale:1.0]]
[2019.05.05-20.16.49:458][  0]LogConfig: Setting CVar [[r.Shadow.CSM.TransitionScale:1.0]]
[2019.05.05-20.16.49:458][  0]LogConfig: Setting CVar [[r.Shadow.PreShadowResolutionFactor:1.0]]
[2019.05.05-20.16.49:458][  0]LogConfig: Setting CVar [[r.DistanceFieldShadowing:1]]
[2019.05.05-20.16.49:458][  0]LogConfig: Setting CVar [[r.DistanceFieldAO:1]]
[2019.05.05-20.16.49:458][  0]LogConfig: Setting CVar [[r.AOQuality:2]]
[2019.05.05-20.16.49:458][  0]LogConfig: Setting CVar [[r.VolumetricFog:1]]
[2019.05.05-20.16.49:458][  0]LogConfig: Setting CVar [[r.VolumetricFog.GridPixelSize:8]]
[2019.05.05-20.16.49:458][  0]LogConfig: Setting CVar [[r.VolumetricFog.GridSizeZ:128]]
[2019.05.05-20.16.49:458][  0]LogConfig: Setting CVar [[r.VolumetricFog.HistoryMissSupersampleCount:4]]
[2019.05.05-20.16.49:458][  0]LogConfig: Setting CVar [[r.LightMaxDrawDistanceScale:1]]
[2019.05.05-20.16.49:458][  0]LogConfig: Setting CVar [[r.CapsuleShadows:1]]
[2019.05.05-20.16.49:458][  0]LogConfig: Applying CVar settings from Section [PostProcessQuality@3] File [C:/Users/jhgri/Downloads/LeapMotionEduUI/Saved/Config/Windows/Scalability.ini]
[2019.05.05-20.16.49:458][  0]LogConfig: Setting CVar [[r.MotionBlurQuality:4]]
[2019.05.05-20.16.49:458][  0]LogConfig: Setting CVar [[r.AmbientOcclusionMipLevelFactor:0.4]]
[2019.05.05-20.16.49:458][  0]LogConfig: Setting CVar [[r.AmbientOcclusionMaxQuality:100]]
[2019.05.05-20.16.49:458][  0]LogConfig: Setting CVar [[r.AmbientOcclusionLevels:-1]]
[2019.05.05-20.16.49:458][  0]LogConfig: Setting CVar [[r.AmbientOcclusionRadiusScale:1.0]]
[2019.05.05-20.16.49:458][  0]LogConfig: Setting CVar [[r.DepthOfFieldQuality:2]]
[2019.05.05-20.16.49:458][  0]LogConfig: Setting CVar [[r.RenderTargetPoolMin:400]]
[2019.05.05-20.16.49:458][  0]LogConfig: Setting CVar [[r.LensFlareQuality:2]]
[2019.05.05-20.16.49:458][  0]LogConfig: Setting CVar [[r.SceneColorFringeQuality:1]]
[2019.05.05-20.16.49:458][  0]LogConfig: Setting CVar [[r.EyeAdaptationQuality:2]]
[2019.05.05-20.16.49:458][  0]LogConfig: Setting CVar [[r.BloomQuality:5]]
[2019.05.05-20.16.49:458][  0]LogConfig: Setting CVar [[r.FastBlurThreshold:100]]
[2019.05.05-20.16.49:458][  0]LogConfig: Setting CVar [[r.Upscale.Quality:3]]
[2019.05.05-20.16.49:458][  0]LogConfig: Setting CVar [[r.Tonemapper.GrainQuantization:1]]
[2019.05.05-20.16.49:458][  0]LogConfig: Setting CVar [[r.LightShaftQuality:1]]
[2019.05.05-20.16.49:458][  0]LogConfig: Setting CVar [[r.Filter.SizeScale:1]]
[2019.05.05-20.16.49:458][  0]LogConfig: Setting CVar [[r.Tonemapper.Quality:5]]
[2019.05.05-20.16.49:458][  0]LogConfig: Setting CVar [[r.DOF.Gather.AccumulatorQuality:1        ; higher gathering accumulator quality]]
[2019.05.05-20.16.49:458][  0]LogConfig: Setting CVar [[r.DOF.Gather.PostfilterMethod:1          ; Median3x3 postfilering method]]
[2019.05.05-20.16.49:458][  0]LogConfig: Setting CVar [[r.DOF.Gather.EnableBokehSettings:0       ; no bokeh simulation when gathering]]
[2019.05.05-20.16.49:458][  0]LogConfig: Setting CVar [[r.DOF.Gather.RingCount:4                 ; medium number of samples when gathering]]
[2019.05.05-20.16.49:458][  0]LogConfig: Setting CVar [[r.DOF.Scatter.ForegroundCompositing:1    ; additive foreground scattering]]
[2019.05.05-20.16.49:458][  0]LogConfig: Setting CVar [[r.DOF.Scatter.BackgroundCompositing:2    ; additive background scattering]]
[2019.05.05-20.16.49:458][  0]LogConfig: Setting CVar [[r.DOF.Scatter.EnableBokehSettings:1      ; bokeh simulation when scattering]]
[2019.05.05-20.16.49:458][  0]LogConfig: Setting CVar [[r.DOF.Scatter.MaxSpriteRatio:0.1         ; only a maximum of 10% of scattered bokeh]]
[2019.05.05-20.16.49:458][  0]LogConfig: Setting CVar [[r.DOF.Recombine.Quality:1                ; cheap slight out of focus]]
[2019.05.05-20.16.49:458][  0]LogConfig: Setting CVar [[r.DOF.Recombine.EnableBokehSettings:0    ; no bokeh simulation on slight out of focus]]
[2019.05.05-20.16.49:458][  0]LogConfig: Setting CVar [[r.DOF.TemporalAAQuality:1                ; more stable temporal accumulation]]
[2019.05.05-20.16.49:458][  0]LogConfig: Setting CVar [[r.DOF.Kernel.MaxForegroundRadius:0.025]]
[2019.05.05-20.16.49:458][  0]LogConfig: Setting CVar [[r.DOF.Kernel.MaxBackgroundRadius:0.025]]
[2019.05.05-20.16.49:458][  0]LogConfig: Applying CVar settings from Section [TextureQuality@3] File [C:/Users/jhgri/Downloads/LeapMotionEduUI/Saved/Config/Windows/Scalability.ini]
[2019.05.05-20.16.49:458][  0]LogConfig: Setting CVar [[r.Streaming.MipBias:0]]
[2019.05.05-20.16.49:458][  0]LogConfig: Setting CVar [[r.Streaming.AmortizeCPUToGPUCopy:0]]
[2019.05.05-20.16.49:458][  0]LogConfig: Setting CVar [[r.Streaming.MaxNumTexturesToStreamPerFrame:0]]
[2019.05.05-20.16.49:458][  0]LogConfig: Setting CVar [[r.Streaming.Boost:1]]
[2019.05.05-20.16.49:458][  0]LogConfig: Setting CVar [[r.MaxAnisotropy:8]]
[2019.05.05-20.16.49:458][  0]LogConfig: Setting CVar [[r.Streaming.LimitPoolSizeToVRAM:0]]
[2019.05.05-20.16.49:458][  0]LogConfig: Setting CVar [[r.Streaming.PoolSize:1000]]
[2019.05.05-20.16.49:458][  0]LogConfig: Setting CVar [[r.Streaming.MaxEffectiveScreenSize:0]]
[2019.05.05-20.16.49:458][  0]LogConfig: Applying CVar settings from Section [EffectsQuality@3] File [C:/Users/jhgri/Downloads/LeapMotionEduUI/Saved/Config/Windows/Scalability.ini]
[2019.05.05-20.16.49:458][  0]LogConfig: Setting CVar [[r.TranslucencyLightingVolumeDim:64]]
[2019.05.05-20.16.49:458][  0]LogConfig: Setting CVar [[r.RefractionQuality:2]]
[2019.05.05-20.16.49:458][  0]LogConfig: Setting CVar [[r.SSR.Quality:3]]
[2019.05.05-20.16.49:458][  0]LogConfig: Setting CVar [[r.SceneColorFormat:4]]
[2019.05.05-20.16.49:458][  0]LogConfig: Setting CVar [[r.DetailMode:2]]
[2019.05.05-20.16.49:458][  0]LogConfig: Setting CVar [[r.TranslucencyVolumeBlur:1]]
[2019.05.05-20.16.49:458][  0]LogConfig: Setting CVar [[r.MaterialQualityLevel:1 ; High quality]]
[2019.05.05-20.16.49:458][  0]LogConfig: Setting CVar [[r.SSS.Scale:1]]
[2019.05.05-20.16.49:458][  0]LogConfig: Setting CVar [[r.SSS.SampleSet:2]]
[2019.05.05-20.16.49:458][  0]LogConfig: Setting CVar [[r.SSS.Quality:1]]
[2019.05.05-20.16.49:458][  0]LogConfig: Setting CVar [[r.SSS.HalfRes:1]]
[2019.05.05-20.16.49:458][  0]LogConfig: Setting CVar [[r.EmitterSpawnRateScale:1.0]]
[2019.05.05-20.16.49:458][  0]LogConfig: Setting CVar [[r.ParticleLightQuality:2]]
[2019.05.05-20.16.49:458][  0]LogConfig: Applying CVar settings from Section [FoliageQuality@3] File [C:/Users/jhgri/Downloads/LeapMotionEduUI/Saved/Config/Windows/Scalability.ini]
[2019.05.05-20.16.49:458][  0]LogConfig: Setting CVar [[foliage.DensityScale:1.0]]
[2019.05.05-20.16.49:458][  0]LogConfig: Setting CVar [[grass.DensityScale:1.0]]
[2019.05.05-20.16.49:458][  0]LogConfig: Applying CVar settings from Section [Startup] File [../../../Engine/Config/ConsoleVariables.ini]
[2019.05.05-20.16.49:458][  0]LogConfig: Setting CVar [[net.UseAdaptiveNetUpdateFrequency:0]]
[2019.05.05-20.16.49:458][  0]LogConfig: Applying CVar settings from Section [ConsoleVariables] File [C:/Users/jhgri/Downloads/LeapMotionEduUI/Saved/Config/Windows/Engine.ini]
[2019.05.05-20.16.49:459][  0]LogInit: Computer: WHEATLEY
[2019.05.05-20.16.49:459][  0]LogInit: User: jhgri
[2019.05.05-20.16.49:459][  0]LogInit: CPU Page size=4096, Cores=4
[2019.05.05-20.16.49:459][  0]LogInit: High frequency timer resolution =3.515629 MHz
[2019.05.05-20.16.49:459][  0]LogMemory: Memory total: Physical=23.9GB (24GB approx)
[2019.05.05-20.16.49:459][  0]LogMemory: Platform Memory Stats for Windows
[2019.05.05-20.16.49:459][  0]LogMemory: Process Physical Memory: 104.76 MB used, 104.76 MB peak
[2019.05.05-20.16.49:459][  0]LogMemory: Process Virtual Memory: 92.52 MB used, 92.52 MB peak
[2019.05.05-20.16.49:459][  0]LogMemory: Physical Memory: 6805.98 MB used,  17669.78 MB free, 24475.76 MB total
[2019.05.05-20.16.49:459][  0]LogMemory: Virtual Memory: 4700.89 MB used,  134213024.00 MB free, 134217728.00 MB total
[2019.05.05-20.16.49:474][  0]LogInit: Using OS detected language (en-US).
[2019.05.05-20.16.49:474][  0]LogInit: Using OS detected locale (en-US).
[2019.05.05-20.16.49:475][  0]LogTextLocalizationManager: No specific localization for 'en-US' exists, so the 'en' localization will be used.
[2019.05.05-20.16.49:829][  0]LogStreaming: Display: Took  0.355s to InitEngineTextLocalization.
[2019.05.05-20.16.49:829][  0]LogInit: Setting process to per monitor DPI aware
[2019.05.05-20.16.49:857][  0]LogSlate: New Slate User Created.  User Index 0, Is Virtual User: 0
[2019.05.05-20.16.49:857][  0]LogSlate: Slate User Registered.  User Index 0, Is Virtual User: 0
[2019.05.05-20.16.50:063][  0]LogHMD: Failed to initialize OpenVR with code 110
[2019.05.05-20.16.50:063][  0]LogD3D11RHI: D3D11 adapters:
[2019.05.05-20.16.50:086][  0]LogD3D11RHI:    0. 'AMD Radeon (TM) RX 480' (Feature Level 11_0)
[2019.05.05-20.16.50:086][  0]LogD3D11RHI:       8137/0/12237 MB DedicatedVideo/DedicatedSystem/SharedSystem, Outputs:1, VendorId:0x1002
[2019.05.05-20.16.50:092][  0]LogD3D11RHI:    1. 'Intel(R) HD Graphics 630' (Feature Level 11_0)
[2019.05.05-20.16.50:092][  0]LogD3D11RHI:       128/0/12237 MB DedicatedVideo/DedicatedSystem/SharedSystem, Outputs:0, VendorId:0x8086
[2019.05.05-20.16.50:093][  0]LogD3D11RHI:    2. 'Microsoft Basic Render Driver' (Feature Level 11_0)
[2019.05.05-20.16.50:093][  0]LogD3D11RHI:       0/0/12237 MB DedicatedVideo/DedicatedSystem/SharedSystem, Outputs:0, VendorId:0x1414
[2019.05.05-20.16.50:093][  0]LogD3D11RHI: Chosen D3D11 Adapter: 0
[2019.05.05-20.16.50:100][  0]LogD3D11RHI: Creating new Direct3DDevice
[2019.05.05-20.16.50:100][  0]LogD3D11RHI:     GPU DeviceId: 0x67df (for the marketing name, search the web for "GPU Device Id")
[2019.05.05-20.16.50:100][  0]LogWindows: EnumDisplayDevices:
[2019.05.05-20.16.50:100][  0]LogWindows:    0. 'AMD Radeon (TM) RX 480' (P:1 D:1)
[2019.05.05-20.16.50:100][  0]LogWindows:    1. 'AMD Radeon (TM) RX 480' (P:0 D:0)
[2019.05.05-20.16.50:101][  0]LogWindows:    2. 'AMD Radeon (TM) RX 480' (P:0 D:0)
[2019.05.05-20.16.50:101][  0]LogWindows:    3. 'AMD Radeon (TM) RX 480' (P:0 D:0)
[2019.05.05-20.16.50:101][  0]LogWindows:    4. 'AMD Radeon (TM) RX 480' (P:0 D:0)
[2019.05.05-20.16.50:102][  0]LogWindows:    5. 'AMD Radeon (TM) RX 480' (P:0 D:0)
[2019.05.05-20.16.50:102][  0]LogWindows:    6. 'AMD Radeon (TM) RX 480' (P:0 D:0)
[2019.05.05-20.16.50:102][  0]LogWindows:    7. 'AMD Radeon (TM) RX 480' (P:0 D:0)
[2019.05.05-20.16.50:102][  0]LogWindows:    8. 'AMD Radeon (TM) RX 480' (P:0 D:0)
[2019.05.05-20.16.50:103][  0]LogWindows:    9. 'AMD Radeon (TM) RX 480' (P:0 D:0)
[2019.05.05-20.16.50:103][  0]LogWindows:    10. 'AMD Radeon (TM) RX 480' (P:0 D:0)
[2019.05.05-20.16.50:103][  0]LogWindows:    11. 'AMD Radeon (TM) RX 480' (P:0 D:0)
[2019.05.05-20.16.50:104][  0]LogWindows:    12. 'AMD Radeon (TM) RX 480' (P:0 D:0)
[2019.05.05-20.16.50:104][  0]LogWindows:    13. 'AMD Radeon (TM) RX 480' (P:0 D:0)
[2019.05.05-20.16.50:104][  0]LogWindows:    14. 'AMD Radeon (TM) RX 480' (P:0 D:0)
[2019.05.05-20.16.50:104][  0]LogWindows:    15. 'AMD Radeon (TM) RX 480' (P:0 D:0)
[2019.05.05-20.16.50:105][  0]LogWindows:    16. 'Intel(R) HD Graphics 630' (P:0 D:0)
[2019.05.05-20.16.50:105][  0]LogWindows:    17. 'Intel(R) HD Graphics 630' (P:0 D:0)
[2019.05.05-20.16.50:105][  0]LogWindows:    18. 'Intel(R) HD Graphics 630' (P:0 D:0)
[2019.05.05-20.16.50:105][  0]LogWindows: DebugString: PrimaryIsNotTheChoosenAdapter PrimaryIsNotTheChoosenAdapter PrimaryIsNotTheChoosenAdapter FoundDriverCount:16 
[2019.05.05-20.16.50:105][  0]LogD3D11RHI:     Adapter Name: AMD Radeon (TM) RX 480
[2019.05.05-20.16.50:105][  0]LogD3D11RHI:   Driver Version: Crimson ReLive 17.11.4 (internal:23.20.793.1024, unified:23.20.793.1024)
[2019.05.05-20.16.50:105][  0]LogD3D11RHI:      Driver Date: 11-27-2017
[2019.05.05-20.16.50:105][  0]LogRHI: Texture pool is 5696 MB (70% of 8137 MB)
[2019.05.05-20.16.50:191][  0]LogD3D11RHI: Async texture creation enabled
[2019.05.05-20.16.50:203][  0]LogD3D11RHI: GPU Timing Frequency: 25.000000 (Debug: 2 1)
[2019.05.05-20.16.50:449][  0]LogTemp: Display: Loaded TP AllDesktopTargetPlatform
[2019.05.05-20.16.50:460][  0]LogTemp: Display: Loaded TP MacClientTargetPlatform
[2019.05.05-20.16.50:471][  0]LogTemp: Display: Loaded TP MacNoEditorTargetPlatform
[2019.05.05-20.16.50:482][  0]LogTemp: Display: Loaded TP MacServerTargetPlatform
[2019.05.05-20.16.50:493][  0]LogTemp: Display: Loaded TP MacTargetPlatform
[2019.05.05-20.16.50:503][  0]LogTemp: Display: Loaded TP WindowsClientTargetPlatform
[2019.05.05-20.16.50:514][  0]LogTemp: Display: Loaded TP WindowsNoEditorTargetPlatform
[2019.05.05-20.16.50:525][  0]LogTemp: Display: Loaded TP WindowsServerTargetPlatform
[2019.05.05-20.16.50:530][  0]LogTemp: Display: Loaded TP WindowsTargetPlatform
[2019.05.05-20.16.50:591][  0]LogTemp: Display: Loaded TP AndroidTargetPlatform
[2019.05.05-20.16.50:591][  0]LogTemp: Display: Loaded TP AndroidTargetPlatform
[2019.05.05-20.16.50:591][  0]LogTemp: Display: Loaded TP AndroidTargetPlatform
[2019.05.05-20.16.50:591][  0]LogTemp: Display: Loaded TP AndroidTargetPlatform
[2019.05.05-20.16.50:591][  0]LogTemp: Display: Loaded TP AndroidTargetPlatform
[2019.05.05-20.16.50:591][  0]LogTemp: Display: Loaded TP AndroidTargetPlatform
[2019.05.05-20.16.50:591][  0]LogTemp: Display: Loaded TP AndroidTargetPlatform
[2019.05.05-20.16.50:591][  0]LogTemp: Display: Loaded TP AndroidTargetPlatform
[2019.05.05-20.16.50:591][  0]LogTemp: Display: Loaded TP AndroidTargetPlatform
[2019.05.05-20.16.50:591][  0]LogTemp: Display: Loaded TP AndroidTargetPlatform
[2019.05.05-20.16.50:591][  0]LogTemp: Display: Loaded TP AndroidTargetPlatform
[2019.05.05-20.16.50:591][  0]LogTemp: Display: Loaded TP AndroidTargetPlatform
[2019.05.05-20.16.50:591][  0]LogTemp: Display: Loaded TP AndroidTargetPlatform
[2019.05.05-20.16.50:591][  0]LogTemp: Display: Loaded TP AndroidTargetPlatform
[2019.05.05-20.16.50:591][  0]LogTemp: Display: Loaded TP AndroidTargetPlatform
[2019.05.05-20.16.50:591][  0]LogTemp: Display: Loaded TP AndroidTargetPlatform
[2019.05.05-20.16.50:591][  0]LogTemp: Display: Loaded TP AndroidTargetPlatform
[2019.05.05-20.16.50:591][  0]LogTemp: Display: Loaded TP AndroidTargetPlatform
[2019.05.05-20.16.50:592][  0]LogTemp: Display: Loaded TP HTML5TargetPlatform
[2019.05.05-20.16.50:648][  0]LogTemp: Display: Loaded TP IOSTargetPlatform
[2019.05.05-20.16.50:648][  0]LogTemp: Display: Loaded TP IOSTargetPlatform
[2019.05.05-20.16.50:666][  0]LogTemp: Display: Loaded TP TVOSTargetPlatform
[2019.05.05-20.16.50:667][  0]LogTemp: Display: Loaded TP TVOSTargetPlatform
[2019.05.05-20.16.50:676][  0]LogTemp: Display: Loaded TP LinuxClientTargetPlatform
[2019.05.05-20.16.50:687][  0]LogTemp: Display: Loaded TP LinuxNoEditorTargetPlatform
[2019.05.05-20.16.50:697][  0]LogTemp: Display: Loaded TP LinuxServerTargetPlatform
[2019.05.05-20.16.50:709][  0]LogTemp: Display: Loaded TP LinuxTargetPlatform
[2019.05.05-20.16.50:745][  0]LogTemp: Display: Loaded TP LuminTargetPlatform
[2019.05.05-20.16.50:745][  0]LogTemp: Display: Loaded TP LuminTargetPlatform
[2019.05.05-20.16.50:745][  0]LogTargetPlatformManager: Display: Building Assets For Windows
[2019.05.05-20.16.50:794][  0]LogShaderCompilers: Guid format shader working directory is -10 characters bigger than the processId version (../../../../../../Users/jhgri/Downloads/LeapMotionEduUI/Intermediate/Shaders/WorkingDirectory/10708/).
[2019.05.05-20.16.50:795][  0]LogShaderCompilers: Cleaned the shader compiler working directory 'C:/Users/jhgri/AppData/Local/Temp/UnrealShaderWorkingDir/A7CC6F854B581411621385B44C52E2CD/'.
[2019.05.05-20.16.50:797][  0]LogXGEController: Cannot use XGE Controller as Incredibuild is not installed on this machine.
[2019.05.05-20.16.50:797][  0]LogShaderCompilers: Cannot use XGE Shader Compiler as Incredibuild is not installed on this machine.
[2019.05.05-20.16.50:797][  0]LogShaderCompilers: Display: Using Local Shader Compiler.
[2019.05.05-20.16.51:246][  0]LogDerivedDataCache: Display: Max Cache Size: 512 MB
[2019.05.05-20.16.51:293][  0]LogDerivedDataCache: Loaded boot cache 0.05s 71MB C:/Users/jhgri/AppData/Local/UnrealEngine/4.21/DerivedDataCache/Boot.ddc.
[2019.05.05-20.16.51:293][  0]LogDerivedDataCache: Display: Loaded Boot cache: C:/Users/jhgri/AppData/Local/UnrealEngine/4.21/DerivedDataCache/Boot.ddc
[2019.05.05-20.16.51:293][  0]LogDerivedDataCache: FDerivedDataBackendGraph:  Pak pak cache file ../../../../../../Users/jhgri/Downloads/LeapMotionEduUI/DerivedDataCache/DDC.ddp not found, will not use a pak cache.
[2019.05.05-20.16.51:294][  0]LogDerivedDataCache: Unable to find inner node Pak for hierarchical cache Hierarchy.
[2019.05.05-20.16.51:294][  0]LogDerivedDataCache: FDerivedDataBackendGraph:  CompressedPak pak cache file ../../../../../../Users/jhgri/Downloads/LeapMotionEduUI/DerivedDataCache/Compressed.ddp not found, will not use a pak cache.
[2019.05.05-20.16.51:294][  0]LogDerivedDataCache: Unable to find inner node CompressedPak for hierarchical cache Hierarchy.
[2019.05.05-20.16.51:306][  0]LogDerivedDataCache: Display: Pak cache opened for reading ../../../Engine/DerivedDataCache/Compressed.ddp.
[2019.05.05-20.16.51:306][  0]LogDerivedDataCache: FDerivedDataBackendGraph:  EnterprisePak pak cache file ../../../Enterprise/DerivedDataCache/Compressed.ddp not found, will not use a pak cache.
[2019.05.05-20.16.51:306][  0]LogDerivedDataCache: Unable to find inner node EnterprisePak for hierarchical cache Hierarchy.
[2019.05.05-20.16.51:318][  0]LogDerivedDataCache: Using Local data cache path C:/Users/jhgri/AppData/Local/UnrealEngine/Common/DerivedDataCache: Writable
[2019.05.05-20.16.51:318][  0]LogDerivedDataCache: Shared data cache path not found in *engine.ini, will not use an Shared cache.
[2019.05.05-20.16.51:318][  0]LogDerivedDataCache: Unable to find inner node Shared for hierarchical cache Hierarchy.
[2019.05.05-20.16.51:336][  0]LogMaterial: Verifying Global Shaders for PCD3D_SM5
[2019.05.05-20.16.51:337][  0]LogSlate: Using FreeType 2.6.0
[2019.05.05-20.16.51:338][  0]LogSlate: SlateFontServices - WITH_FREETYPE: 1, WITH_HARFBUZZ: 1
[2019.05.05-20.16.51:412][  0]LogAssetRegistry: FAssetRegistry took 0.0310 seconds to start up
[2019.05.05-20.16.51:675][  0]LogInit: Selected Device Profile: [Windows]
[2019.05.05-20.16.51:798][  0]LogSimplygon: Simplygon DLL not present - disabling.
[2019.05.05-20.16.51:800][  0]LogMeshReduction: Using SimplygonSwarm for distributed automatic mesh merging
[2019.05.05-20.16.51:800][  0]LogMeshReduction: Using ProxyLODMeshReduction for automatic mesh merging
[2019.05.05-20.16.51:800][  0]LogMeshReduction: Using QuadricMeshReduction for automatic static mesh reduction
[2019.05.05-20.16.51:800][  0]LogMeshReduction: No automatic skeletal mesh reduction module available
[2019.05.05-20.16.51:810][  0]LogNetVersion: LeapMotionEduUI 1.0.0, NetCL: 4541578, EngineNetVer: 5, GameNetVer: 0 (Checksum: 3536834122)
[2019.05.05-20.16.52:251][  0]LogPackageLocalizationCache: Processed 12 localized package path(s) for 2 prioritized culture(s) in 0.087287 seconds
[2019.05.05-20.16.52:256][  0]LogUObjectArray: 40460 objects as part of root set at end of initial load.
[2019.05.05-20.16.52:256][  0]LogUObjectAllocator: 7031784 out of 0 bytes used by permanent object pool.
[2019.05.05-20.16.52:256][  0]LogUObjectArray: CloseDisregardForGC: 0/0 objects in disregard for GC pool
[2019.05.05-20.16.52:980][  0]LogTcpMessaging: Initializing TcpMessaging bridge
[2019.05.05-20.16.52:994][  0]LogUdpMessaging: Initializing bridge on interface 0.0.0.0:0 to multicast group 230.0.0.1:6666.
[2019.05.05-20.16.53:542][  0]SourceControl: Source control is disabled
[2019.05.05-20.16.53:542][  0]SourceControl: Source control is disabled
[2019.05.05-20.16.53:543][  0]SourceControl: Source control is disabled
[2019.05.05-20.16.53:544][  0]SourceControl: Source control is disabled
[2019.05.05-20.16.53:691][  0]LogAndroidPermission: UAndroidPermissionCallbackProxy::GetInstance
[2019.05.05-20.16.53:784][  0]LogOcInput: OculusInput pre-init called
[2019.05.05-20.16.53:915][  0]LogEngine: Initializing Engine...
[2019.05.05-20.16.53:916][  0]LogHMD: Failed to initialize OpenVR with code 110
[2019.05.05-20.16.53:917][  0]LogStats: UGameplayTagsManager::ConstructGameplayTagTree: ImportINI prefixes -  0.000 s
[2019.05.05-20.16.53:917][  0]LogStats: UGameplayTagsManager::ConstructGameplayTagTree: Construct from data asset -  0.000 s
[2019.05.05-20.16.53:917][  0]LogStats: UGameplayTagsManager::ConstructGameplayTagTree: ImportINI -  0.000 s
[2019.05.05-20.16.53:917][  0]LogStats: UGameplayTagsManager::ConstructGameplayTagTree: GameplayTagTreeChangedEvent.Broadcast -  0.000 s
[2019.05.05-20.16.54:110][  0]LogInit: Initializing FReadOnlyCVARCache
[2019.05.05-20.16.54:121][  0]LogAIModule: Creating AISystem for world Untitled
[2019.05.05-20.16.54:150][  0]LogInit: XAudio2 using 'Speakers / Headphones (Realtek Audio)' : 2 channels at 48 kHz using 32 bits per sample (channel mask 0x3)
[2019.05.05-20.16.54:230][  0]LogInit: FAudioDevice initialized.
[2019.05.05-20.16.54:231][  0]LogNetVersion: Set ProjectVersion to 1.0.0.0. Version Checksum will be recalculated on next use.
[2019.05.05-20.16.54:283][  0]LogDerivedDataCache: Saved boot cache 0.05s 71MB C:/Users/jhgri/AppData/Local/UnrealEngine/4.21/DerivedDataCache/Boot.ddc.
[2019.05.05-20.16.54:294][  0]LogInit: Texture streaming: Enabled
[2019.05.05-20.16.54:308][  0]LogEngineSessionManager: EngineSessionManager initialized
[2019.05.05-20.16.54:320][  0]LogInit: Transaction tracking system initialized
[2019.05.05-20.16.54:340][  0]BlueprintLog: New page: Editor Load
[2019.05.05-20.16.54:404][  0]LocalizationService: Localization service is disabled
[2019.05.05-20.16.54:795][  0]LogFileCache: Scanning file cache for directory 'C:/Users/jhgri/Downloads/LeapMotionEduUI/Content/' took 0.02s
[2019.05.05-20.16.54:796][  0]LogCook: Display: Max memory allowance for cook 16384mb min free memory 0mb
[2019.05.05-20.16.54:796][  0]LogCook: Display: Mobile HDR setting 1
[2019.05.05-20.16.54:796][  0]LogGameplayTags: Display: UGameplayTagsManager::DoneAddingNativeTags. DelegateIsBound: 0
[2019.05.05-20.16.54:796][  0]LogStats: UGameplayTagsManager::ConstructGameplayTagTree: ImportINI prefixes -  0.000 s
[2019.05.05-20.16.54:796][  0]LogStats: UGameplayTagsManager::ConstructGameplayTagTree: Construct from data asset -  0.000 s
[2019.05.05-20.16.54:796][  0]LogStats: UGameplayTagsManager::ConstructGameplayTagTree: ImportINI -  0.000 s
[2019.05.05-20.16.54:796][  0]LogStats: UGameplayTagsManager::ConstructGameplayTagTree: GameplayTagTreeChangedEvent.Broadcast -  0.000 s
[2019.05.05-20.16.54:913][  0]SourceControl: Source control is disabled
[2019.05.05-20.16.54:913][  0]Cmd: MAP LOAD FILE="../../../../../../Users/jhgri/Downloads/LeapMotionEduUI/Content/StarterContent/Maps/Minimal_Default.umap" TEMPLATE=0 SHOWPROGRESS=1 FEATURELEVEL=3
[2019.05.05-20.16.54:913][  0]LightingResults: New page: Lighting Build
[2019.05.05-20.16.54:916][  0]MapCheck: New page: Map Check
[2019.05.05-20.16.54:916][  0]LightingResults: New page: Lighting Build
[2019.05.05-20.16.55:156][  0]LogAIModule: Creating AISystem for world Minimal_Default
[2019.05.05-20.16.55:163][  0]LogEditorServer: Finished looking for orphan Actors (0.000 secs)
[2019.05.05-20.16.55:183][  0]Cmd: MAP CHECKDEP NOCLEARLOG
[2019.05.05-20.16.55:183][  0]MapCheck: Map check complete: 0 Error(s), 0 Warning(s), took 0.156ms to complete.
[2019.05.05-20.16.55:183][  0]LogFileHelpers: Loading map 'Minimal_Default' took 0.269
[2019.05.05-20.16.55:269][  0]LogSlate: Updating window title bar state: overlay mode, drag disabled, window buttons hidden, title bar hidden
[2019.05.05-20.16.55:275][  0]LogSlate: Updating window title bar state: overlay mode, drag disabled, window buttons hidden, title bar hidden
[2019.05.05-20.16.55:281][  0]LogSlate: Updating window title bar state: overlay mode, drag disabled, window buttons hidden, title bar hidden
[2019.05.05-20.16.55:287][  0]LogSlate: Updating window title bar state: overlay mode, drag disabled, window buttons hidden, title bar hidden
[2019.05.05-20.16.55:292][  0]LogCollectionManager: Loaded 0 collections in 0.001618 seconds
[2019.05.05-20.16.55:312][  0]LogFileCache: Scanning file cache for directory 'C:/Users/jhgri/Downloads/LeapMotionEduUI/Saved/Collections/' took 0.01s
[2019.05.05-20.16.55:312][  0]LogFileCache: Scanning file cache for directory 'C:/Users/jhgri/Downloads/LeapMotionEduUI/Content/Developers/jhgri/Collections/' took 0.00s
[2019.05.05-20.16.55:312][  0]LogFileCache: Scanning file cache for directory 'C:/Users/jhgri/Downloads/LeapMotionEduUI/Content/Collections/' took 0.00s
[2019.05.05-20.16.55:312][  0]LogCollectionManager: Rebuilt the GUID cache for 0 collections in 0.000001 seconds
[2019.05.05-20.16.55:323][  0]LogContentBrowser: Native class hierarchy populated in 0.0106 seconds. Added 2678 classes and 624 folders.
[2019.05.05-20.16.55:332][  0]LogContentBrowser: Native class hierarchy updated for 'WidgetCarousel' in 0.0002 seconds. Added 0 classes and 0 folders.
[2019.05.05-20.16.55:333][  0]LogPakFile: Registered encryption key '00000000000000000000000000000000': 0 pak files mounted, 0 remain pending
[2019.05.05-20.16.55:334][  0]LogPakFile: Registered encryption key '00000000000000000000000000000000': 0 pak files mounted, 0 remain pending
[2019.05.05-20.16.55:334][  0]LogPakFile: Registered encryption key '00000000000000000000000000000000': 0 pak files mounted, 0 remain pending
[2019.05.05-20.16.55:334][  0]LogPakFile: Registered encryption key '00000000000000000000000000000000': 0 pak files mounted, 0 remain pending
[2019.05.05-20.16.55:335][  0]LogPakFile: Registered encryption key '00000000000000000000000000000000': 0 pak files mounted, 0 remain pending
[2019.05.05-20.16.55:335][  0]LogPakFile: Registered encryption key '00000000000000000000000000000000': 0 pak files mounted, 0 remain pending
[2019.05.05-20.16.55:335][  0]LogPakFile: Registered encryption key '00000000000000000000000000000000': 0 pak files mounted, 0 remain pending
[2019.05.05-20.16.55:336][  0]LogPakFile: Registered encryption key '00000000000000000000000000000000': 0 pak files mounted, 0 remain pending
[2019.05.05-20.16.55:336][  0]LogPakFile: Registered encryption key '00000000000000000000000000000000': 0 pak files mounted, 0 remain pending
[2019.05.05-20.16.55:336][  0]LogPakFile: Registered encryption key '00000000000000000000000000000000': 0 pak files mounted, 0 remain pending
[2019.05.05-20.16.55:337][  0]LogPakFile: Registered encryption key '00000000000000000000000000000000': 0 pak files mounted, 0 remain pending
[2019.05.05-20.16.55:337][  0]LogPakFile: Registered encryption key '00000000000000000000000000000000': 0 pak files mounted, 0 remain pending
[2019.05.05-20.16.55:338][  0]LogPakFile: Registered encryption key '00000000000000000000000000000000': 0 pak files mounted, 0 remain pending
[2019.05.05-20.16.55:338][  0]LogPakFile: Registered encryption key '00000000000000000000000000000000': 0 pak files mounted, 0 remain pending
[2019.05.05-20.16.55:338][  0]LogPakFile: Registered encryption key '00000000000000000000000000000000': 0 pak files mounted, 0 remain pending
[2019.05.05-20.16.55:339][  0]LogPakFile: Registered encryption key '00000000000000000000000000000000': 0 pak files mounted, 0 remain pending
[2019.05.05-20.16.55:339][  0]LogPakFile: Registered encryption key '00000000000000000000000000000000': 0 pak files mounted, 0 remain pending
[2019.05.05-20.16.55:339][  0]LogPakFile: Registered encryption key '00000000000000000000000000000000': 0 pak files mounted, 0 remain pending
[2019.05.05-20.16.55:340][  0]LogPakFile: Registered encryption key '00000000000000000000000000000000': 0 pak files mounted, 0 remain pending
[2019.05.05-20.16.55:340][  0]LogPakFile: Registered encryption key '00000000000000000000000000000000': 0 pak files mounted, 0 remain pending
[2019.05.05-20.16.55:340][  0]LogPakFile: Registered encryption key '00000000000000000000000000000000': 0 pak files mounted, 0 remain pending
[2019.05.05-20.16.55:341][  0]LogPakFile: Registered encryption key '00000000000000000000000000000000': 0 pak files mounted, 0 remain pending
[2019.05.05-20.16.55:341][  0]LogPakFile: Registered encryption key '00000000000000000000000000000000': 0 pak files mounted, 0 remain pending
[2019.05.05-20.16.55:342][  0]LogPakFile: Registered encryption key '00000000000000000000000000000000': 0 pak files mounted, 0 remain pending
[2019.05.05-20.16.55:342][  0]LogPakFile: Registered encryption key '00000000000000000000000000000000': 0 pak files mounted, 0 remain pending
[2019.05.05-20.16.55:342][  0]LogPakFile: Registered encryption key '00000000000000000000000000000000': 0 pak files mounted, 0 remain pending
[2019.05.05-20.16.55:375][  0]LogContentBrowser: Native class hierarchy updated for 'AddContentDialog' in 0.0002 seconds. Added 0 classes and 0 folders.
[2019.05.05-20.16.55:379][  0]LogContentBrowser: Native class hierarchy updated for 'SceneOutliner' in 0.0002 seconds. Added 1 classes and 2 folders.
[2019.05.05-20.16.55:389][  0]LogSlate: Took 0.000136 seconds to synchronously load lazily loaded font '../../../Engine/Content/Slate/Fonts/Roboto-Regular.ttf' (155K)
[2019.05.05-20.16.55:391][  0]LogSlate: Took 0.000120 seconds to synchronously load lazily loaded font '../../../Engine/Content/Slate/Fonts/Roboto-Bold.ttf' (160K)
[2019.05.05-20.16.55:395][  0]LogSlate: Took 0.000137 seconds to synchronously load lazily loaded font '../../../Engine/Content/Editor/Slate/Fonts/FontAwesome.ttf' (139K)
[2019.05.05-20.16.55:459][  0]LogRenderer: Reallocating scene render targets to support 1036x668 Format 10 NumSamples 1 (Frame:1).
[2019.05.05-20.16.55:581][  0]LogContentBrowser: Native class hierarchy updated for 'HierarchicalLODOutliner' in 0.0002 seconds. Added 0 classes and 0 folders.
[2019.05.05-20.16.55:581][  0]LogLoad: (Engine Initialization) Total time: 7.72 seconds
[2019.05.05-20.16.55:581][  0]LogLoad: (Engine Initialization) Total Blueprint compile time: 0.00 seconds
[2019.05.05-20.16.55:592][  0]LogWindowsTextInputMethodSystem: Display: IME system now deactivated.
[2019.05.05-20.16.55:642][  0]LogContentStreaming: Texture pool size now 1000 MB
[2019.05.05-20.16.55:723][  1]LogAssetRegistry: Asset discovery search completed in 4.3334 seconds
[2019.05.05-20.16.55:725][  1]LogCollectionManager: Rebuilt the object cache for 0 collections in 0.000000 seconds (found 0 objects)
[2019.05.05-20.16.55:725][  1]LogCollectionManager: Fixed up redirectors for 0 collections in 0.000038 seconds (updated 0 objects)
[2019.05.05-20.16.57:621][224]LogSlate: FSceneViewport::OnFocusLost() reason 2
[2019.05.05-20.16.59:083][399]LogSlate: FSceneViewport::OnFocusLost() reason 2
[2019.05.05-20.16.59:100][399]LogSlate: Took 0.000141 seconds to synchronously load lazily loaded font '../../../Engine/Content/Slate/Fonts/Roboto-Light.ttf' (167K)
[2019.05.05-20.17.01:071][631]Cmd: MAP LOAD FILE="../../../../../../Users/jhgri/Downloads/LeapMotionEduUI/Content/RetroKitchen/Maps/Showcase.umap" TEMPLATE=0 SHOWPROGRESS=1 FEATURELEVEL=3
[2019.05.05-20.17.01:074][631]LogSlate: Took 0.000164 seconds to synchronously load lazily loaded font '../../../Engine/Content/Slate/Fonts/Roboto-Light.ttf' (167K)
[2019.05.05-20.17.01:084][631]LightingResults: New page: Lighting Build
[2019.05.05-20.17.01:084][631]LoadErrors: New page: Loading map: Showcase.umap
[2019.05.05-20.17.01:087][631]MapCheck: New page: Map Check
[2019.05.05-20.17.01:087][631]LightingResults: New page: Lighting Build
[2019.05.05-20.17.02:045][631]LogBlueprint: Warning: [Compiler PostProcessChanger] Override pins have been removed from  Break PostProcessSettings  in  PostProcessChanger , please verify the Blueprint works as expected! See tooltips for enabling pin visibility for more details. This warning will go away after you resave the asset!
[2019.05.05-20.17.02:075][631]LogBlueprint: Warning: [Compiler PostProcessChanger] [0014.22] Compile of PostProcessChanger successful, but with 1 Warning(s) [in 99 ms] (/LeapMotion/Blueprints/Utility/PostProcessChanger.PostProcessChanger)
[2019.05.05-20.17.02:398][631]LogBlueprint: Warning: [Compiler LeapFloatingHandsCharacter1] InputAction Event references unknown Action 'ChangeColor' for  InputAction ChangeColor
[2019.05.05-20.17.02:399][631]LogBlueprint: Warning: [Compiler LeapFloatingHandsCharacter1] InputAction Event references unknown Action 'PickObject' for  InputAction PickObject
[2019.05.05-20.17.02:399][631]LogBlueprint: Warning: [Compiler LeapFloatingHandsCharacter1] InputAction Event references unknown Action 'ChangeImageHandTint' for  InputAction ChangeImageHandTint
[2019.05.05-20.17.02:399][631]LogBlueprint: Warning: [Compiler LeapFloatingHandsCharacter1] InputAction Event references unknown Action 'ChangeHands' for  InputAction ChangeHands
[2019.05.05-20.17.02:399][631]LogBlueprint: Warning: [Compiler LeapFloatingHandsCharacter1] InputAction Event references unknown Action 'ResetHMDOrientation' for  InputAction ResetHMDOrientation
[2019.05.05-20.17.02:399][631]LogBlueprint: Warning: [Compiler LeapFloatingHandsCharacter1] Input Axis Event references unknown Axis 'TurnRate' for  InputAxis TurnRate
[2019.05.05-20.17.02:399][631]LogBlueprint: Warning: [Compiler LeapFloatingHandsCharacter1] InputAction Event references unknown Action 'ComfortTurnRight' for  InputAction ComfortTurnRight
[2019.05.05-20.17.02:399][631]LogBlueprint: Warning: [Compiler LeapFloatingHandsCharacter1] InputAction Event references unknown Action 'ComfortTurnLeft' for  InputAction ComfortTurnLeft
[2019.05.05-20.17.02:399][631]LogBlueprint: Warning: [Compiler LeapFloatingHandsCharacter1] InputAction Event references unknown Action 'Jump' for  InputAction Jump
[2019.05.05-20.17.02:399][631]LogBlueprint: Warning: [Compiler LeapFloatingHandsCharacter1] Input Axis Event references unknown Axis 'LookUpRate' for  InputAxis LookUpRate
[2019.05.05-20.17.02:408][631]LogBlueprint: Warning: [Compiler LeapFloatingHandsCharacter1] [0014.55] Compile of LeapFloatingHandsCharacter1 successful, but with 10 Warning(s) [in 20 ms] (/Game/migrated/LeapFloatingHandsCharacter1.LeapFloatingHandsCharacter1)
[2019.05.05-20.17.03:627][631]LogAIModule: Creating AISystem for world Showcase
[2019.05.05-20.17.03:647][631]LeapPluginLog: InterfaceObject: LeapAnimBodyConnector_C_124
[2019.05.05-20.17.03:653][631]LeapPluginLog: InterfaceObject: LeapAnimBodyConnector_C_126
[2019.05.05-20.17.03:656][631]LogEditorServer: Finished looking for orphan Actors (0.000 secs)
[2019.05.05-20.17.03:744][631]Cmd: MAP CHECKDEP NOCLEARLOG
[2019.05.05-20.17.03:745][631]MapCheck: Map check complete: 0 Error(s), 0 Warning(s), took 0.195ms to complete.
[2019.05.05-20.17.03:745][631]LogFileHelpers: Loading map 'Showcase' took 2.674
[2019.05.05-20.17.03:746][631]LogSlate: Window 'Open Level' being destroyed
[2019.05.05-20.17.06:216][904]LogSlate: FSceneViewport::OnFocusLost() reason 0
[2019.05.05-20.17.06:392][916]LogSlate: Window 'LeapMotionEduUI - Unreal Editor' being destroyed
[2019.05.05-20.17.06:393][916]LogWindowsTextInputMethodSystem: Display: IME system now deactivated.
[2019.05.05-20.17.06:566][917]Cmd: QUIT_EDITOR
[2019.05.05-20.17.06:592][917]LogExit: Preparing to exit.
[2019.05.05-20.17.07:095][917]LogExit: Editor shut down
[2019.05.05-20.17.07:095][917]LogExit: Transaction tracking system shut down
[2019.05.05-20.17.07:448][917]LogExit: Object subsystem successfully closed.
[2019.05.05-20.17.07:491][917]LogShaderCompilers: Display: Shaders left to compile 0
[2019.05.05-20.17.07:494][917]LogD3D11RHI: Shutdown
[2019.05.05-20.17.07:494][917]LogD3D11RHI: CleanupD3DDevice
[2019.05.05-20.17.07:525][917]LogD3D11RHI: ~FD3D11DynamicRHI
[2019.05.05-20.17.07:546][917]LogModuleManager: Shutting down and abandoning module HierarchicalLODOutliner (624)
[2019.05.05-20.17.07:546][917]LogModuleManager: Shutting down and abandoning module SceneOutliner (622)
[2019.05.05-20.17.07:546][917]LogModuleManager: Shutting down and abandoning module AddContentDialog (620)
[2019.05.05-20.17.07:546][917]LogModuleManager: Shutting down and abandoning module WidgetCarousel (619)
[2019.05.05-20.17.07:547][917]LogModuleManager: Shutting down and abandoning module EditorWidgets (616)
[2019.05.05-20.17.07:547][917]LogModuleManager: Shutting down and abandoning module CollectionManager (614)
[2019.05.05-20.17.07:547][917]LogModuleManager: Shutting down and abandoning module StatsViewer (612)
[2019.05.05-20.17.07:547][917]LogModuleManager: Shutting down and abandoning module FoliageEdit (610)
[2019.05.05-20.17.07:547][917]LogModuleManager: Shutting down and abandoning module LandscapeEditor (608)
[2019.05.05-20.17.07:547][917]LogModuleManager: Shutting down and abandoning module MeshPaintMode (606)
[2019.05.05-20.17.07:547][917]LogModuleManager: Shutting down and abandoning module SceneDepthPickerMode (604)
[2019.05.05-20.17.07:547][917]LogModuleManager: Shutting down and abandoning module ActorPickerMode (602)
[2019.05.05-20.17.07:547][917]LogModuleManager: Shutting down and abandoning module GeometryMode (600)
[2019.05.05-20.17.07:547][917]LogModuleManager: Shutting down and abandoning module TextureAlignMode (598)
[2019.05.05-20.17.07:547][917]LogModuleManager: Shutting down and abandoning module BspMode (596)
[2019.05.05-20.17.07:547][917]LogModuleManager: Shutting down and abandoning module PIEPreviewDeviceProfileSelector (594)
[2019.05.05-20.17.07:547][917]LogModuleManager: Shutting down and abandoning module SequenceRecorderSections (592)
[2019.05.05-20.17.07:547][917]LogModuleManager: Shutting down and abandoning module AutomationWorker (590)
[2019.05.05-20.17.07:547][917]LogModuleManager: Shutting down and abandoning module AudioCaptureEditor (588)
[2019.05.05-20.17.07:547][917]LogModuleManager: Shutting down and abandoning module MatineeToLevelSequence (586)
[2019.05.05-20.17.07:547][917]LogModuleManager: Shutting down and abandoning module LevelSequenceEditor (584)
[2019.05.05-20.17.07:547][917]LogModuleManager: Shutting down and abandoning module PlacementMode (583)
[2019.05.05-20.17.07:547][917]LogModuleManager: Shutting down and abandoning module MaterialEditor (582)
[2019.05.05-20.17.07:547][917]LogModuleManager: Shutting down and abandoning module WmfMediaFactory (578)
[2019.05.05-20.17.07:547][917]LogModuleManager: Shutting down and abandoning module WmfMediaEditor (576)
[2019.05.05-20.17.07:547][917]LogModuleManager: Shutting down and abandoning module WebMMediaFactory (574)
[2019.05.05-20.17.07:547][917]LogModuleManager: Shutting down and abandoning module WebMMediaEditor (572)
[2019.05.05-20.17.07:547][917]LogModuleManager: Shutting down and abandoning module WebMMedia (570)
[2019.05.05-20.17.07:547][917]LogModuleManager: Shutting down and abandoning module MediaPlayerEditor (568)
[2019.05.05-20.17.07:547][917]LogModuleManager: Shutting down and abandoning module MediaCompositingEditor (566)
[2019.05.05-20.17.07:547][917]LogModuleManager: Shutting down and abandoning module SequenceRecorder (565)
[2019.05.05-20.17.07:547][917]LogModuleManager: Shutting down and abandoning module OpenExrWrapper (562)
[2019.05.05-20.17.07:547][917]LogModuleManager: Shutting down and abandoning module ImgMediaFactory (560)
[2019.05.05-20.17.07:547][917]LogModuleManager: Shutting down and abandoning module ImgMediaEditor (558)
[2019.05.05-20.17.07:547][917]LogModuleManager: Shutting down and abandoning module AvfMediaFactory (556)
[2019.05.05-20.17.07:547][917]LogModuleManager: Shutting down and abandoning module AvfMediaEditor (554)
[2019.05.05-20.17.07:547][917]LogModuleManager: Shutting down and abandoning module AndroidMediaFactory (552)
[2019.05.05-20.17.07:547][917]LogModuleManager: Shutting down and abandoning module AndroidMediaEditor (550)
[2019.05.05-20.17.07:547][917]LogModuleManager: Shutting down and abandoning module MagicLeapCameraPreviewFactory (548)
[2019.05.05-20.17.07:547][917]LogModuleManager: Shutting down and abandoning module MagicLeapMediaFactory (546)
[2019.05.05-20.17.07:547][917]LogModuleManager: Shutting down and abandoning module MagicLeapMediaEditor (544)
[2019.05.05-20.17.07:547][917]LogModuleManager: Shutting down and abandoning module CharacterAI (542)
[2019.05.05-20.17.07:547][917]LogModuleManager: Shutting down and abandoning module SmartSnapping (540)
[2019.05.05-20.17.07:547][917]LogModuleManager: Shutting down and abandoning module SessionServices (538)
[2019.05.05-20.17.07:547][917]LogModuleManager: Shutting down and abandoning module ViewportSnapping (536)
[2019.05.05-20.17.07:547][917]LogModuleManager: Shutting down and abandoning module ViewportInteraction (534)
[2019.05.05-20.17.07:547][917]LogModuleManager: Shutting down and abandoning module ClothPainter (532)
[2019.05.05-20.17.07:547][917]LogModuleManager: Shutting down and abandoning module SkeletalMeshEditor (531)
[2019.05.05-20.17.07:548][917]LogModuleManager: Shutting down and abandoning module LogVisualizer (528)
[2019.05.05-20.17.07:548][917]LogModuleManager: Shutting down and abandoning module IntroTutorials (526)
[2019.05.05-20.17.07:548][917]LogModuleManager: Shutting down and abandoning module GameProjectGeneration (525)
[2019.05.05-20.17.07:548][917]LogModuleManager: Shutting down and abandoning module LuminPlatformEditor (522)
[2019.05.05-20.17.07:548][917]LogModuleManager: Shutting down and abandoning module IOSPlatformEditor (520)
[2019.05.05-20.17.07:548][917]LogModuleManager: Shutting down and abandoning module HTML5PlatformEditor (518)
[2019.05.05-20.17.07:548][917]LogModuleManager: Shutting down and abandoning module AndroidPlatformEditor (516)
[2019.05.05-20.17.07:548][917]LogModuleManager: Shutting down and abandoning module AndroidDeviceDetection (515)
[2019.05.05-20.17.07:590][917]LogModuleManager: Shutting down and abandoning module WindowsPlatformEditor (512)
[2019.05.05-20.17.07:590][917]LogModuleManager: Shutting down and abandoning module LuminRuntimeSettings (510)
[2019.05.05-20.17.07:590][917]LogModuleManager: Shutting down and abandoning module IOSRuntimeSettings (508)
[2019.05.05-20.17.07:590][917]LogModuleManager: Shutting down and abandoning module AndroidRuntimeSettings (506)
[2019.05.05-20.17.07:590][917]LogModuleManager: Shutting down and abandoning module TimeManagementEditor (504)
[2019.05.05-20.17.07:590][917]LogModuleManager: Shutting down and abandoning module InputBindingEditor (502)
[2019.05.05-20.17.07:590][917]LogModuleManager: Shutting down and abandoning module MergeActors (500)
[2019.05.05-20.17.07:590][917]LogModuleManager: Shutting down and abandoning module LocalizationDashboard (498)
[2019.05.05-20.17.07:590][917]LogModuleManager: Shutting down and abandoning module LocalizationService (497)
[2019.05.05-20.17.07:590][917]LogModuleManager: Shutting down and abandoning module HardwareTargeting (494)
[2019.05.05-20.17.07:590][917]LogModuleManager: Shutting down and abandoning module DeviceProfileEditor (492)
[2019.05.05-20.17.07:590][917]LogModuleManager: Shutting down and abandoning module UndoHistory (490)
[2019.05.05-20.17.07:590][917]LogModuleManager: Shutting down and abandoning module XmlParser (488)
[2019.05.05-20.17.07:590][917]LogModuleManager: Shutting down and abandoning module Blutility (486)
[2019.05.05-20.17.07:590][917]LogModuleManager: Shutting down and abandoning module ProjectSettingsViewer (484)
[2019.05.05-20.17.07:590][917]LogModuleManager: Shutting down and abandoning module ProjectTargetPlatformEditor (483)
[2019.05.05-20.17.07:590][917]LogModuleManager: Shutting down and abandoning module EditorSettingsViewer (480)
[2019.05.05-20.17.07:591][917]LogModuleManager: Shutting down and abandoning module SettingsEditor (478)
[2019.05.05-20.17.07:591][917]LogModuleManager: Shutting down and abandoning module ProjectLauncher (476)
[2019.05.05-20.17.07:591][917]LogModuleManager: Shutting down and abandoning module SessionFrontend (474)
[2019.05.05-20.17.07:591][917]LogModuleManager: Shutting down and abandoning module ProfilerClient (472)
[2019.05.05-20.17.07:591][917]LogModuleManager: Shutting down and abandoning module DeviceManager (470)
[2019.05.05-20.17.07:591][917]LogModuleManager: Shutting down and abandoning module TargetDeviceServices (469)
[2019.05.05-20.17.07:657][917]LogModuleManager: Shutting down and abandoning module AutomationController (466)
[2019.05.05-20.17.07:657][917]LogModuleManager: Shutting down and abandoning module AutomationWindow (464)
[2019.05.05-20.17.07:657][917]LogModuleManager: Shutting down and abandoning module Layers (462)
[2019.05.05-20.17.07:657][917]LogModuleManager: Shutting down and abandoning module ComponentVisualizers (460)
[2019.05.05-20.17.07:657][917]LogModuleManager: Shutting down and abandoning module DetailCustomizations (458)
[2019.05.05-20.17.07:657][917]LogModuleManager: Shutting down and abandoning module PackagesDialog (456)
[2019.05.05-20.17.07:657][917]LogModuleManager: Shutting down and abandoning module Persona (454)
[2019.05.05-20.17.07:657][917]LogModuleManager: Shutting down and abandoning module AdvancedPreviewScene (453)
[2019.05.05-20.17.07:657][917]LogModuleManager: Shutting down and abandoning module AnimGraph (451)
[2019.05.05-20.17.07:657][917]LogModuleManager: Shutting down and abandoning module Kismet (448)
[2019.05.05-20.17.07:658][917]LogModuleManager: Shutting down and abandoning module GraphEditor (446)
[2019.05.05-20.17.07:659][917]LogModuleManager: Shutting down and abandoning module ClassViewer (444)
[2019.05.05-20.17.07:659][917]LogModuleManager: Shutting down and abandoning module Toolbox (442)
[2019.05.05-20.17.07:659][917]LogModuleManager: Shutting down and abandoning module ModuleUI (440)
[2019.05.05-20.17.07:659][917]LogModuleManager: Shutting down and abandoning module MovieSceneTools (438)
[2019.05.05-20.17.07:659][917]LogModuleManager: Shutting down and abandoning module OutputLog (436)
[2019.05.05-20.17.07:659][917]LogModuleManager: Shutting down and abandoning module GammaUI (434)
[2019.05.05-20.17.07:659][917]LogModuleManager: Shutting down and abandoning module Documentation (432)
[2019.05.05-20.17.07:659][917]LogModuleManager: Shutting down and abandoning module MovieSceneTracks (430)
[2019.05.05-20.17.07:659][917]LogModuleManager: Shutting down and abandoning module MovieScene (428)
[2019.05.05-20.17.07:659][917]LogModuleManager: Shutting down and abandoning module StreamingPauseRendering (426)
[2019.05.05-20.17.07:659][917]LogModuleManager: Shutting down and abandoning module LauncherPlatform (424)
[2019.05.05-20.17.07:659][917]LogModuleManager: Shutting down and abandoning module AnalyticsET (422)
[2019.05.05-20.17.07:659][917]LogModuleManager: Shutting down and abandoning module PortalServices (420)
[2019.05.05-20.17.07:659][917]LogModuleManager: Shutting down and abandoning module PortalRpc (418)
[2019.05.05-20.17.07:659][917]LogModuleManager: Shutting down and abandoning module MessagingRpc (416)
[2019.05.05-20.17.07:659][917]LogModuleManager: Shutting down and abandoning module AIModule (414)
[2019.05.05-20.17.07:659][917]LogModuleManager: Shutting down and abandoning module GameplayDebugger (413)
[2019.05.05-20.17.07:659][917]LogModuleManager: Shutting down and abandoning module AITestSuite (411)
[2019.05.05-20.17.07:659][917]LogModuleManager: Shutting down and abandoning module NavigationSystem (409)
[2019.05.05-20.17.07:659][917]LogModuleManager: Shutting down and abandoning module DesktopPlatform (406)
[2019.05.05-20.17.07:659][917]LogModuleManager: Shutting down and abandoning module ImageWriteQueue (404)
[2019.05.05-20.17.07:661][917]LogModuleManager: Shutting down and abandoning module ProfilerService (402)
[2019.05.05-20.17.07:820][917]LogModuleManager: Shutting down and abandoning module TaskGraph (400)
[2019.05.05-20.17.07:820][917]LogModuleManager: Shutting down and abandoning module SteamVRController (398)
[2019.05.05-20.17.07:820][917]LogModuleManager: Shutting down and abandoning module ProceduralMeshComponentEditor (396)
[2019.05.05-20.17.07:820][917]LogModuleManager: Shutting down and abandoning module ProceduralMeshComponent (394)
[2019.05.05-20.17.07:820][917]LogModuleManager: Shutting down and abandoning module OculusInput (392)
[2019.05.05-20.17.07:820][917]LogModuleManager: Shutting down and abandoning module MobilePatchingUtils (390)
[2019.05.05-20.17.07:820][917]LogModuleManager: Shutting down and abandoning module EditableMesh (388)
[2019.05.05-20.17.07:820][917]LogModuleManager: Shutting down and abandoning module CustomMeshComponent (386)
[2019.05.05-20.17.07:820][917]LogModuleManager: Shutting down and abandoning module CableComponent (384)
[2019.05.05-20.17.07:820][917]LogModuleManager: Shutting down and abandoning module AudioCapture (382)
[2019.05.05-20.17.07:820][917]LogModuleManager: Shutting down and abandoning module ArchVisCharacter (380)
[2019.05.05-20.17.07:820][917]LogModuleManager: Shutting down and abandoning module AndroidPermission (378)
[2019.05.05-20.17.07:820][917]LogModuleManager: Shutting down and abandoning module NUTUnrealEngine4 (376)
[2019.05.05-20.17.07:820][917]LogModuleManager: Shutting down and abandoning module NetcodeUnitTest (374)
[2019.05.05-20.17.07:820][917]LogModuleManager: Shutting down and abandoning module MediaCompositing (372)
[2019.05.05-20.17.07:820][917]LogModuleManager: Shutting down and abandoning module LinearTimecode (370)
[2019.05.05-20.17.07:820][917]LogModuleManager: Shutting down and abandoning module ImgMedia (368)
[2019.05.05-20.17.07:823][917]LogModuleManager: Shutting down and abandoning module HTML5Networking (366)
[2019.05.05-20.17.07:823][917]LogModuleManager: Shutting down and abandoning module GeometryCacheTracks (364)
[2019.05.05-20.17.07:823][917]LogModuleManager: Shutting down and abandoning module GeometryCacheSequencer (362)
[2019.05.05-20.17.07:823][917]LogModuleManager: Shutting down and abandoning module BackChannel (360)
[2019.05.05-20.17.07:823][917]LogModuleManager: Shutting down and abandoning module AppleVision (358)
[2019.05.05-20.17.07:823][917]LogModuleManager: Shutting down and abandoning module AppleImageUtilsBlueprintSupport (356)
[2019.05.05-20.17.07:823][917]LogModuleManager: Shutting down and abandoning module AppleImageUtils (354)
[2019.05.05-20.17.07:823][917]LogModuleManager: Shutting down and abandoning module AlembicImporter (352)
[2019.05.05-20.17.07:823][917]LogModuleManager: Shutting down and abandoning module AlembicLibrary (351)
[2019.05.05-20.17.07:823][917]LogModuleManager: Shutting down and abandoning module GeometryCache (350)
[2019.05.05-20.17.07:823][917]LogModuleManager: Shutting down and abandoning module GeometryCacheEd (349)
[2019.05.05-20.17.07:823][917]LogModuleManager: Shutting down and abandoning module VariantManagerContent (344)
[2019.05.05-20.17.07:823][917]LogModuleManager: Shutting down and abandoning module DatasmithContentEditor (342)
[2019.05.05-20.17.07:823][917]LogModuleManager: Shutting down and abandoning module SpeedTreeImporter (340)
[2019.05.05-20.17.07:823][917]LogModuleManager: Shutting down and abandoning module PluginBrowser (338)
[2019.05.05-20.17.07:823][917]LogModuleManager: Shutting down and abandoning module MobileLauncherProfileWizard (336)
[2019.05.05-20.17.07:823][917]LogModuleManager: Shutting down and abandoning module PolygonModeling (334)
[2019.05.05-20.17.07:823][917]LogModuleManager: Shutting down and abandoning module MeshEditor (332)
[2019.05.05-20.17.07:823][917]LogModuleManager: Shutting down and abandoning module CryptoKeysOpenSSL (330)
[2019.05.05-20.17.07:823][917]LogModuleManager: Shutting down and abandoning module CryptoKeys (328)
[2019.05.05-20.17.07:823][917]LogModuleManager: Shutting down and abandoning module VisualStudioSourceCodeAccess (326)
[2019.05.05-20.17.07:823][917]LogModuleManager: Shutting down and abandoning module VisualStudioCodeSourceCodeAccess (324)
[2019.05.05-20.17.07:823][917]LogModuleManager: Shutting down and abandoning module UObjectPlugin (322)
[2019.05.05-20.17.07:823][917]LogModuleManager: Shutting down and abandoning module SubversionSourceControl (320)
[2019.05.05-20.17.07:823][917]LogModuleManager: Shutting down and abandoning module PerforceSourceControl (318)
[2019.05.05-20.17.07:823][917]LogModuleManager: Shutting down and abandoning module GitSourceControl (316)
[2019.05.05-20.17.07:823][917]LogModuleManager: Shutting down and abandoning module SourceControl (315)
[2019.05.05-20.17.07:823][917]LogModuleManager: Shutting down and abandoning module CLionSourceCodeAccess (312)
[2019.05.05-20.17.07:823][917]LogModuleManager: Shutting down and abandoning module ActorLayerUtilitiesEditor (310)
[2019.05.05-20.17.07:823][917]LogModuleManager: Shutting down and abandoning module ActorLayerUtilities (308)
[2019.05.05-20.17.07:823][917]LogModuleManager: Shutting down and abandoning module LightPropagationVolumeEditor (306)
[2019.05.05-20.17.07:823][917]LogModuleManager: Shutting down and abandoning module PaperTiledImporter (304)
[2019.05.05-20.17.07:823][917]LogModuleManager: Shutting down and abandoning module PaperSpriteSheetImporter (302)
[2019.05.05-20.17.07:823][917]LogModuleManager: Shutting down and abandoning module Paper2DEditor (300)
[2019.05.05-20.17.07:823][917]LogModuleManager: Shutting down and abandoning module MeshPaint (299)
[2019.05.05-20.17.07:824][917]LogModuleManager: Shutting down and abandoning module RuntimePhysXCooking (296)
[2019.05.05-20.17.07:824][917]LogModuleManager: Shutting down and abandoning module PhysXVehiclesEditor (294)
[2019.05.05-20.17.07:824][917]LogModuleManager: Shutting down and abandoning module PhysXVehicles (292)
[2019.05.05-20.17.07:824][917]LogModuleManager: Shutting down and abandoning module OculusEditor (290)
[2019.05.05-20.17.07:824][917]LogModuleManager: Shutting down and abandoning module LocationServicesBPLibrary (288)
[2019.05.05-20.17.07:824][917]LogModuleManager: Shutting down and abandoning module ActorSequence (286)
[2019.05.05-20.17.07:824][917]LogModuleManager: Shutting down and abandoning module UdpMessaging (284)
[2019.05.05-20.17.07:925][917]LogModuleManager: Shutting down and abandoning module TcpMessaging (282)
[2019.05.05-20.17.08:026][917]LogModuleManager: Shutting down and abandoning module MagicLeapAudio (280)
[2019.05.05-20.17.08:026][917]LogModuleManager: Shutting down and abandoning module GameplayTagsEditor (278)
[2019.05.05-20.17.08:026][917]LogModuleManager: Shutting down and abandoning module FacialAnimationEditor (276)
[2019.05.05-20.17.08:026][917]LogModuleManager: Shutting down and abandoning module FacialAnimation (274)
[2019.05.05-20.17.08:026][917]LogModuleManager: Shutting down and abandoning module DataValidation (272)
[2019.05.05-20.17.08:026][917]LogModuleManager: Shutting down and abandoning module AssetManagerEditor (270)
[2019.05.05-20.17.08:026][917]LogModuleManager: Shutting down and abandoning module LevelEditor (269)
[2019.05.05-20.17.08:026][917]LogModuleManager: Shutting down and abandoning module PixelInspectorModule (268)
[2019.05.05-20.17.08:027][917]LogModuleManager: Shutting down and abandoning module CommonMenuExtensions (266)
[2019.05.05-20.17.08:027][917]LogModuleManager: Shutting down and abandoning module MainFrame (264)
[2019.05.05-20.17.08:027][917]LogModuleManager: Shutting down and abandoning module HotReload (263)
[2019.05.05-20.17.08:027][917]LogModuleManager: Shutting down and abandoning module ContentBrowser (259)
[2019.05.05-20.17.08:028][917]LogModuleManager: Shutting down and abandoning module TreeMap (257)
[2019.05.05-20.17.08:028][917]LogModuleManager: Shutting down and abandoning module LightPropagationVolumeRuntime (254)
[2019.05.05-20.17.08:028][917]LogModuleManager: Shutting down and abandoning module AISupportModule (252)
[2019.05.05-20.17.08:028][917]LogModuleManager: Shutting down and abandoning module Paper2D (250)
[2019.05.05-20.17.08:028][917]LogModuleManager: Shutting down and abandoning module WindowsMoviePlayer (248)
[2019.05.05-20.17.08:028][917]LogModuleManager: Shutting down and abandoning module WebMMoviePlayer (246)
[2019.05.05-20.17.08:028][917]LogModuleManager: Shutting down and abandoning module WmfMedia (244)
[2019.05.05-20.17.08:029][917]LogModuleManager: Shutting down and abandoning module Media (243)
[2019.05.05-20.17.08:035][917]LogModuleManager: Shutting down and abandoning module PacketHandler (240)
[2019.05.05-20.17.08:035][917]LogModuleManager: Shutting down and abandoning module ClothingSystemEditor (238)
[2019.05.05-20.17.08:035][917]LogModuleManager: Shutting down and abandoning module ClothingSystemRuntime (236)
[2019.05.05-20.17.08:035][917]LogModuleManager: Shutting down and abandoning module MediaAssets (234)
[2019.05.05-20.17.08:035][917]LogModuleManager: Shutting down and abandoning module Overlay (232)
[2019.05.05-20.17.08:035][917]LogModuleManager: Shutting down and abandoning module OverlayEditor (231)
[2019.05.05-20.17.08:035][917]LogModuleManager: Shutting down and abandoning module VREditor (228)
[2019.05.05-20.17.08:035][917]LogModuleManager: Shutting down and abandoning module StringTableEditor (226)
[2019.05.05-20.17.08:035][917]LogModuleManager: Shutting down and abandoning module GameplayTasksEditor (224)
[2019.05.05-20.17.08:035][917]LogModuleManager: Shutting down and abandoning module BehaviorTreeEditor (222)
[2019.05.05-20.17.08:035][917]LogModuleManager: Shutting down and abandoning module FunctionalTesting (220)
[2019.05.05-20.17.08:035][917]LogModuleManager: Shutting down and abandoning module CollisionAnalyzer (218)
[2019.05.05-20.17.08:036][917]LogModuleManager: Shutting down and abandoning module WorkspaceMenuStructure (217)
[2019.05.05-20.17.08:036][917]LogModuleManager: Shutting down and abandoning module UMG (214)
[2019.05.05-20.17.08:036][917]LogModuleManager: Shutting down and abandoning module UMGEditor (213)
[2019.05.05-20.17.08:036][917]LogModuleManager: Shutting down and abandoning module Sequencer (212)
[2019.05.05-20.17.08:036][917]LogModuleManager: Shutting down and abandoning module MessageLog (209)
[2019.05.05-20.17.08:036][917]LogModuleManager: Shutting down and abandoning module SlateReflector (204)
[2019.05.05-20.17.08:036][917]LogModuleManager: Shutting down and abandoning module Slate (202)
[2019.05.05-20.17.08:036][917]LogModuleManager: Shutting down and abandoning module EditorStyle (200)
[2019.05.05-20.17.08:038][917]LogModuleManager: Shutting down and abandoning module MRMesh (198)
[2019.05.05-20.17.08:038][917]LogModuleManager: Shutting down and abandoning module SourceCodeAccess (196)
[2019.05.05-20.17.08:038][917]LogModuleManager: Shutting down and abandoning module HeadMountedDisplay (194)
[2019.05.05-20.17.08:038][917]LogModuleManager: Shutting down and abandoning module XAudio2 (192)
[2019.05.05-20.17.08:038][917]LogModuleManager: Shutting down and abandoning module Networking (190)
[2019.05.05-20.17.08:038][917]LogModuleManager: Shutting down and abandoning module Core (188)
[2019.05.05-20.17.08:038][917]LogModuleManager: Shutting down and abandoning module LevelSequence (186)
[2019.05.05-20.17.08:038][917]LogModuleManager: Shutting down and abandoning module KismetCompiler (184)
[2019.05.05-20.17.08:038][917]LogModuleManager: Shutting down and abandoning module MeshUtilities (182)
[2019.05.05-20.17.08:038][917]LogModuleManager: Shutting down and abandoning module MeshMergeUtilities (181)
[2019.05.05-20.17.08:038][917]LogModuleManager: Shutting down and abandoning module MeshReductionInterface (180)
[2019.05.05-20.17.08:038][917]LogModuleManager: Shutting down and abandoning module SimplygonSwarm (179)
[2019.05.05-20.17.08:038][917]LogModuleManager: Shutting down and abandoning module ProxyLODMeshReduction (177)
[2019.05.05-20.17.08:038][917]LogModuleManager: Shutting down and abandoning module SimplygonMeshReduction (175)
[2019.05.05-20.17.08:038][917]LogModuleManager: Shutting down and abandoning module QuadricMeshReduction (173)
[2019.05.05-20.17.08:038][917]LogModuleManager: Shutting down and abandoning module MaterialBaking (169)
[2019.05.05-20.17.08:038][917]LogModuleManager: Shutting down and abandoning module DirectoryWatcher (165)
[2019.05.05-20.17.08:038][917]LogModuleManager: Shutting down and abandoning module DerivedDataCache (162)
[2019.05.05-20.17.08:328][917]LogDerivedDataCache: Shutdown
[2019.05.05-20.17.08:328][917]LogModuleManager: Shutting down and abandoning module XGEController (160)
[2019.05.05-20.17.08:328][917]LogModuleManager: Shutting down and abandoning module TargetPlatform (158)
[2019.05.05-20.17.08:328][917]LogModuleManager: Shutting down and abandoning module VulkanShaderFormat (157)
[2019.05.05-20.17.08:328][917]LogModuleManager: Shutting down and abandoning module ShaderFormatVectorVM (155)
[2019.05.05-20.17.08:328][917]LogModuleManager: Shutting down and abandoning module ShaderFormatOpenGL (153)
[2019.05.05-20.17.08:328][917]LogModuleManager: Shutting down and abandoning module ShaderFormatD3D (151)
[2019.05.05-20.17.08:328][917]LogModuleManager: Shutting down and abandoning module MetalShaderFormat (149)
[2019.05.05-20.17.08:328][917]LogModuleManager: Shutting down and abandoning module TextureFormatUncompressed (147)
[2019.05.05-20.17.08:328][917]LogModuleManager: Shutting down and abandoning module TextureFormatPVR (145)
[2019.05.05-20.17.08:328][917]LogModuleManager: Shutting down and abandoning module TextureFormatDXT (143)
[2019.05.05-20.17.08:328][917]LogModuleManager: Shutting down and abandoning module TextureFormatIntelISPCTexComp (141)
[2019.05.05-20.17.08:328][917]LogModuleManager: Shutting down and abandoning module TextureFormatASTC (139)
[2019.05.05-20.17.08:328][917]LogModuleManager: Shutting down and abandoning module ImageWrapper (138)
[2019.05.05-20.17.08:328][917]LogModuleManager: Shutting down and abandoning module TextureFormatAndroid (135)
[2019.05.05-20.17.08:328][917]LogModuleManager: Shutting down and abandoning module AudioFormatOpus (133)
[2019.05.05-20.17.08:328][917]LogModuleManager: Shutting down and abandoning module AudioFormatOgg (131)
[2019.05.05-20.17.08:328][917]LogModuleManager: Shutting down and abandoning module AudioFormatADPCM (129)
[2019.05.05-20.17.08:328][917]LogModuleManager: Shutting down and abandoning module LuminTargetPlatform (127)
[2019.05.05-20.17.08:328][917]LogModuleManager: Shutting down and abandoning module LinuxTargetPlatform (125)
[2019.05.05-20.17.08:328][917]LogModuleManager: Shutting down and abandoning module LinuxServerTargetPlatform (123)
[2019.05.05-20.17.08:328][917]LogModuleManager: Shutting down and abandoning module LinuxNoEditorTargetPlatform (121)
[2019.05.05-20.17.08:328][917]LogModuleManager: Shutting down and abandoning module LinuxClientTargetPlatform (119)
[2019.05.05-20.17.08:328][917]LogModuleManager: Shutting down and abandoning module TVOSTargetPlatform (117)
[2019.05.05-20.17.08:329][917]LogModuleManager: Shutting down and abandoning module Messaging (115)
[2019.05.05-20.17.08:329][917]LogModuleManager: Shutting down and abandoning module IOSTargetPlatform (113)
[2019.05.05-20.17.08:329][917]LogModuleManager: Shutting down and abandoning module HTML5TargetPlatform (111)
[2019.05.05-20.17.08:329][917]LogModuleManager: Shutting down and abandoning module AndroidTargetPlatform (109)
[2019.05.05-20.17.08:333][917]LogModuleManager: Shutting down and abandoning module WindowsTargetPlatform (107)
[2019.05.05-20.17.08:333][917]LogModuleManager: Shutting down and abandoning module WindowsServerTargetPlatform (105)
[2019.05.05-20.17.08:333][917]LogModuleManager: Shutting down and abandoning module WindowsNoEditorTargetPlatform (103)
[2019.05.05-20.17.08:333][917]LogModuleManager: Shutting down and abandoning module WindowsClientTargetPlatform (101)
[2019.05.05-20.17.08:333][917]LogModuleManager: Shutting down and abandoning module MacTargetPlatform (99)
[2019.05.05-20.17.08:333][917]LogModuleManager: Shutting down and abandoning module MacServerTargetPlatform (97)
[2019.05.05-20.17.08:333][917]LogModuleManager: Shutting down and abandoning module MacNoEditorTargetPlatform (95)
[2019.05.05-20.17.08:333][917]LogModuleManager: Shutting down and abandoning module MacClientTargetPlatform (93)
[2019.05.05-20.17.08:333][917]LogModuleManager: Shutting down and abandoning module AllDesktopTargetPlatform (91)
[2019.05.05-20.17.08:333][917]LogModuleManager: Shutting down and abandoning module InputCore (88)
[2019.05.05-20.17.08:333][917]LogModuleManager: Shutting down and abandoning module Settings (86)
[2019.05.05-20.17.08:333][917]LogModuleManager: Shutting down and abandoning module PhysXCooking (84)
[2019.05.05-20.17.08:333][917]LogModuleManager: Shutting down and abandoning module SteamVR (82)
[2019.05.05-20.17.08:333][917]LogHMD: Freeing OpenVRDLLHandle.
[2019.05.05-20.17.08:333][917]LogModuleManager: Shutting down and abandoning module OculusHMD (80)
[2019.05.05-20.17.08:333][917]LogModuleManager: Shutting down and abandoning module LeapMotion (78)
[2019.05.05-20.17.08:333][917]LogModuleManager: Shutting down and abandoning module ExampleDeviceProfileSelector (76)
[2019.05.05-20.17.08:333][917]LogModuleManager: Shutting down and abandoning module LauncherChunkInstaller (74)
[2019.05.05-20.17.08:333][917]LogModuleManager: Shutting down and abandoning module OnlineBlueprintSupport (72)
[2019.05.05-20.17.08:333][917]LogModuleManager: Shutting down and abandoning module OnlineSubsystem (68)
[2019.05.05-20.17.08:334][917]LogModuleManager: Shutting down and abandoning module XMPP (63)
[2019.05.05-20.17.08:334][917]LogModuleManager: Shutting down and abandoning module WebSockets (62)
[2019.05.05-20.17.08:356][917]LogModuleManager: Shutting down and abandoning module HTTP (59)
[2019.05.05-20.17.08:356][917]LogHttp: Display: Http module shutting down, but needs to wait on 1 outstanding Http requests:
[2019.05.05-20.17.08:356][917]LogHttp: Display: 	verb=[POST] url=[https://datarouter.ol.epicgames.com/datarouter/api/v1/public/data?SessionID=%7BDBA39F63-4D75-C202-B529-CEB539ABB6D6%7D&AppID=UEEditor.Rocket.Release&AppVersion=4.21.2-4753647%2B%2B%2BUE4%2BRelease-4.21&UserID=26d6c8dc403352a87367e39737968eff%7Cdf9fc68879c84c89885f63e9b81319a4%7Cc6bebc72-860d-41cb-9eef-07356e201de8&AppEnvironment=datacollector-binary&UploadType=eteventstream] status=Processing
[2019.05.05-20.17.08:389][917]LogModuleManager: Shutting down and abandoning module SSL (58)
[2019.05.05-20.17.08:391][917]LogModuleManager: Shutting down and abandoning module MagicLeapIdentity (54)
[2019.05.05-20.17.08:391][917]LogModuleManager: Shutting down and abandoning module MagicLeapHelperVulkan (52)
[2019.05.05-20.17.08:391][917]LogModuleManager: Shutting down and abandoning module MagicLeapHelperOpenGL (50)
[2019.05.05-20.17.08:391][917]LogModuleManager: Shutting down and abandoning module MagicLeapSecureStorage (48)
[2019.05.05-20.17.08:391][917]LogModuleManager: Shutting down and abandoning module MagicLeapHandTracking (46)
[2019.05.05-20.17.08:391][917]LogModuleManager: Shutting down and abandoning module MagicLeapEyeTracker (44)
[2019.05.05-20.17.08:391][917]LogModuleManager: Shutting down and abandoning module MagicLeapController (42)
[2019.05.05-20.17.08:391][917]LogSlate: Slate User Destroyed.  User Index 0, Is Virtual User: 0
[2019.05.05-20.17.08:391][917]LogModuleManager: Shutting down and abandoning module MagicLeap (40)
[2019.05.05-20.17.08:391][917]LogModuleManager: Shutting down and abandoning module DatasmithContent (38)
[2019.05.05-20.17.08:392][917]LogModuleManager: Shutting down and abandoning module AnimationModifiers (36)
[2019.05.05-20.17.08:392][917]LogModuleManager: Shutting down and abandoning module PropertyEditor (35)
[2019.05.05-20.17.08:392][917]LogModuleManager: Shutting down and abandoning module AudioEditor (32)
[2019.05.05-20.17.08:392][917]LogModuleManager: Shutting down and abandoning module TextureCompressor (30)
[2019.05.05-20.17.08:392][917]LogModuleManager: Shutting down and abandoning module ShaderCore (28)
[2019.05.05-20.17.08:392][917]LogModuleManager: Shutting down and abandoning module Landscape (26)
[2019.05.05-20.17.08:392][917]LogModuleManager: Shutting down and abandoning module SlateRHIRenderer (24)
[2019.05.05-20.17.08:392][917]LogModuleManager: Shutting down and abandoning module OpenGLDrv (22)
[2019.05.05-20.17.08:392][917]LogModuleManager: Shutting down and abandoning module D3D11RHI (20)
[2019.05.05-20.17.08:392][917]LogModuleManager: Shutting down and abandoning module AnimGraphRuntime (18)
[2019.05.05-20.17.08:392][917]LogModuleManager: Shutting down and abandoning module Renderer (16)
[2019.05.05-20.17.08:393][917]LogModuleManager: Shutting down and abandoning module Engine (14)
[2019.05.05-20.17.08:393][917]LogModuleManager: Shutting down and abandoning module CoreUObject (12)
[2019.05.05-20.17.08:393][917]LogModuleManager: Shutting down and abandoning module NetworkFile (10)
[2019.05.05-20.17.08:393][917]LogModuleManager: Shutting down and abandoning module CookedIterativeFile (8)
[2019.05.05-20.17.08:393][917]LogModuleManager: Shutting down and abandoning module StreamingFile (6)
[2019.05.05-20.17.08:393][917]LogModuleManager: Shutting down and abandoning module SandboxFile (4)
[2019.05.05-20.17.08:393][917]LogModuleManager: Shutting down and abandoning module PakFile (2)
[2019.05.05-20.17.08:401][917]LogExit: Exiting.
[2019.05.05-20.17.08:406][917]Log file closed, 05/05/19 14:17:08
